Using pre-set license
Built from '2022.3/staging' branch; Version is '2022.3.60f1 (5f63fdee6d95) revision 6251517'; Using compiler version '192829333'; Build Type 'Release'
OS: 'Windows 11  (10.0.26100) 64bit CoreSingleLanguage' Language: 'en' Physical Memory: 7914 MB
BatchMode: 1, IsHumanControllingUs: 0, StartBugReporterOnCrash: 0, Is64bit: 1, IsPro: 1

COMMAND LINE ARGUMENTS:
F:\Unity\Unity\2022.3.60f1\Editor\Unity.exe
-adb2
-batchMode
-noUpm
-name
AssetImportWorker0
-projectPath
E:/unity VR/class4
-logFile
Logs/AssetImportWorker0.log
-srvPort
59778
Successfully changed project path to: E:/unity VR/class4
E:/unity VR/class4
[UnityMemory] Configuration Parameters - Can be set up in boot.config
    "memorysetup-bucket-allocator-granularity=16"
    "memorysetup-bucket-allocator-bucket-count=8"
    "memorysetup-bucket-allocator-block-size=33554432"
    "memorysetup-bucket-allocator-block-count=8"
    "memorysetup-main-allocator-block-size=16777216"
    "memorysetup-thread-allocator-block-size=16777216"
    "memorysetup-gfx-main-allocator-block-size=16777216"
    "memorysetup-gfx-thread-allocator-block-size=16777216"
    "memorysetup-cache-allocator-block-size=4194304"
    "memorysetup-typetree-allocator-block-size=2097152"
    "memorysetup-profiler-bucket-allocator-granularity=16"
    "memorysetup-profiler-bucket-allocator-bucket-count=8"
    "memorysetup-profiler-bucket-allocator-block-size=33554432"
    "memorysetup-profiler-bucket-allocator-block-count=8"
    "memorysetup-profiler-allocator-block-size=16777216"
    "memorysetup-profiler-editor-allocator-block-size=1048576"
    "memorysetup-temp-allocator-size-main=16777216"
    "memorysetup-job-temp-allocator-block-size=2097152"
    "memorysetup-job-temp-allocator-block-size-background=1048576"
    "memorysetup-job-temp-allocator-reduction-small-platforms=262144"
    "memorysetup-allocator-temp-initial-block-size-main=262144"
    "memorysetup-allocator-temp-initial-block-size-worker=262144"
    "memorysetup-temp-allocator-size-background-worker=32768"
    "memorysetup-temp-allocator-size-job-worker=262144"
    "memorysetup-temp-allocator-size-preload-manager=33554432"
    "memorysetup-temp-allocator-size-nav-mesh-worker=65536"
    "memorysetup-temp-allocator-size-audio-worker=65536"
    "memorysetup-temp-allocator-size-cloud-worker=32768"
    "memorysetup-temp-allocator-size-gi-baking-worker=262144"
    "memorysetup-temp-allocator-size-gfx=262144"
Player connection [14996]  Target information:

Player connection [14996]  * "[IP] 172.17.113.28 [Port] 0 [Flags] 2 [Guid] 3922599471 [EditorId] 3922599471 [Version] 1048832 [Id] WindowsEditor(7,DESKTOP-P4ONB2A) [Debug] 1 [PackageName] WindowsEditor [ProjectName] Editor" 

Player connection [14996] Host joined multi-casting on [225.0.0.222:54997]...
Player connection [14996] Host joined alternative multi-casting on [225.0.0.222:34997]...
Input System module state changed to: Initialized.
[PhysX] Initialized MultithreadedTaskDispatcher with 8 workers.
Refreshing native plugins compatible for Editor in 561.12 ms, found 3 plugins.
Preloading 0 native plugins for Editor in 0.00 ms.
Initialize engine version: 2022.3.60f1 (5f63fdee6d95)
[Subsystems] Discovering subsystems at path F:/Unity/Unity/2022.3.60f1/Editor/Data/Resources/UnitySubsystems
[Subsystems] Discovering subsystems at path E:/unity VR/class4/Assets
GfxDevice: creating device client; threaded=0; jobified=0
Direct3D:
    Version:  Direct3D 11.0 [level 11.1]
    Renderer: NVIDIA GeForce MX330 (ID=0x1d16)
    Vendor:   NVIDIA
    VRAM:     1968 MB
    Driver:   32.0.15.6641
Initialize mono
Mono path[0] = 'F:/Unity/Unity/2022.3.60f1/Editor/Data/Managed'
Mono path[1] = 'F:/Unity/Unity/2022.3.60f1/Editor/Data/MonoBleedingEdge/lib/mono/unityjit-win32'
Mono config path = 'F:/Unity/Unity/2022.3.60f1/Editor/Data/MonoBleedingEdge/etc'
Using monoOptions --debugger-agent=transport=dt_socket,embedding=1,server=y,suspend=n,address=127.0.0.1:56488
Begin MonoManager ReloadAssembly
Registering precompiled unity dll's ...
Register platform support module: F:/Unity/Unity/2022.3.60f1/Editor/Data/PlaybackEngines/iOSSupport/UnityEditor.iOS.Extensions.dll
Register platform support module: F:/Unity/Unity/2022.3.60f1/Editor/Data/PlaybackEngines/WindowsStandaloneSupport/UnityEditor.WindowsStandalone.Extensions.dll
Registered in 0.063824 seconds.
- Loaded All Assemblies, in  3.154 seconds
Native extension for WindowsStandalone target not found
Native extension for iOS target not found
Mono: successfully reloaded assembly
- Finished resetting the current domain, in  1.463 seconds
Domain Reload Profiling: 4619ms
	BeginReloadAssembly (1697ms)
		ExecutionOrderSort (0ms)
		DisableScriptedObjects (0ms)
		BackupInstance (0ms)
		ReleaseScriptingObjects (0ms)
		CreateAndSetChildDomain (54ms)
	RebuildCommonClasses (213ms)
	RebuildNativeTypeToScriptingClass (40ms)
	initialDomainReloadingComplete (243ms)
	LoadAllAssembliesAndSetupDomain (961ms)
		LoadAssemblies (1621ms)
		RebuildTransferFunctionScriptingTraits (0ms)
		AnalyzeDomain (922ms)
			TypeCache.Refresh (915ms)
				TypeCache.ScanAssembly (678ms)
			ScanForSourceGeneratedMonoScriptInfo (2ms)
			ResolveRequiredComponents (3ms)
	FinalizeReload (1465ms)
		ReleaseScriptCaches (0ms)
		RebuildScriptCaches (0ms)
		SetupLoadedEditorAssemblies (1228ms)
			LogAssemblyErrors (0ms)
			InitializePlatformSupportModulesInManaged (216ms)
			SetLoadedEditorAssemblies (33ms)
			RefreshPlugins (0ms)
			BeforeProcessingInitializeOnLoad (10ms)
			ProcessInitializeOnLoadAttributes (717ms)
			ProcessInitializeOnLoadMethodAttributes (234ms)
			AfterProcessingInitializeOnLoad (0ms)
			EditorAssembliesLoaded (17ms)
		ExecutionOrderSort2 (0ms)
		AwakeInstancesAfterBackupRestoration (0ms)
========================================================================
Worker process is ready to serve import requests
Caller must complete domain reload
Begin MonoManager ReloadAssembly
- Loaded All Assemblies, in  5.845 seconds
Native extension for WindowsStandalone target not found
Native extension for iOS target not found
Mono: successfully reloaded assembly
- Finished resetting the current domain, in  2.357 seconds
Domain Reload Profiling: 8223ms
	BeginReloadAssembly (616ms)
		ExecutionOrderSort (0ms)
		DisableScriptedObjects (9ms)
		BackupInstance (0ms)
		ReleaseScriptingObjects (1ms)
		CreateAndSetChildDomain (95ms)
	RebuildCommonClasses (71ms)
	RebuildNativeTypeToScriptingClass (20ms)
	initialDomainReloadingComplete (125ms)
	LoadAllAssembliesAndSetupDomain (5034ms)
		LoadAssemblies (3226ms)
		RebuildTransferFunctionScriptingTraits (0ms)
		AnalyzeDomain (2019ms)
			TypeCache.Refresh (1659ms)
				TypeCache.ScanAssembly (859ms)
			ScanForSourceGeneratedMonoScriptInfo (269ms)
			ResolveRequiredComponents (85ms)
	FinalizeReload (2357ms)
		ReleaseScriptCaches (0ms)
		RebuildScriptCaches (0ms)
		SetupLoadedEditorAssemblies (2006ms)
			LogAssemblyErrors (0ms)
			InitializePlatformSupportModulesInManaged (29ms)
			SetLoadedEditorAssemblies (8ms)
			RefreshPlugins (0ms)
			BeforeProcessingInitializeOnLoad (119ms)
			ProcessInitializeOnLoadAttributes (1688ms)
			ProcessInitializeOnLoadMethodAttributes (158ms)
			AfterProcessingInitializeOnLoad (4ms)
			EditorAssembliesLoaded (0ms)
		ExecutionOrderSort2 (0ms)
		AwakeInstancesAfterBackupRestoration (12ms)
Launched and connected shader compiler UnityShaderCompiler.exe after 0.97 seconds
Refreshing native plugins compatible for Editor in 46.32 ms, found 3 plugins.
Preloading 0 native plugins for Editor in 0.00 ms.
Unloading 5537 Unused Serialized files (Serialized files now loaded: 0)
Unloading 44 unused Assets / (0.8 MB). Loaded Objects now: 5995.
Memory consumption went from 199.5 MB to 198.7 MB.
Total: 8.268100 ms (FindLiveObjects: 0.519400 ms CreateObjectMapping: 0.371600 ms MarkObjects: 6.759600 ms  DeleteObjects: 0.615300 ms)

AssetImportParameters requested are different than current active one (requested -> active):
  custom:container-demuxer-ogg: 62fdf1f143b41e24485cea50d1cbac27 -> 
  custom:video-decoder-ogg-theora: a1e56fd34408186e4bbccfd4996cb3dc -> 
  custom:framework-win-MediaFoundation: 216162199b28c13a410421893ffa2e32 -> 
  custom:CustomObjectIndexerAttribute: 72b91833f83ae208fae7752999fa3104 -> 
  custom:container-demuxer-webm: 4f35f7cbe854078d1ac9338744f61a02 -> 
  custom:container-muxer-webm: aa71ff27fc2769a1b78a27578f13a17b -> 
  custom:video-decoder-webm-vp8: 9c59270c3fd7afecdb556c50c9e8de78 -> 
  custom:SearchIndexIgnoredProperties: e643bd26f0fe6173181afceb89e7c659 -> 
  custom:AudioImporter_EditorPlatform: d09bf68614088b80899f8185d706f6e7 -> 
  custom:video-encoder-webm-vp8: eb34c28f22e8b96e1ab97ce403110664 -> 
  custom:audio-decoder-ogg-vorbis: bf7c407c2cedff20999df2af8eb42d56 -> 
  custom:audio-encoder-webm-vorbis: bf7c407c2cedff20999df2af8eb42d56 -> 
========================================================================
Received Import Request.
  Time since last request: 641919.228654 seconds.
  path: Assets/UniversalRenderPipelineGlobalSettings.asset
  artifactKey: Guid(ad4beecc931f62647b7b76746b81a442) Importer(815301076,1909f56bfc062723c751e8b465ee728b)
Start importing Assets/UniversalRenderPipelineGlobalSettings.asset using Guid(ad4beecc931f62647b7b76746b81a442) Importer(815301076,1909f56bfc062723c751e8b465ee728b) [PhysX] Initialized MultithreadedTaskDispatcher with 8 workers.
 -> (artifact id: 'ccf9663651d11c28d2603904203139d3') in 0.130733 seconds
Number of updated asset objects reloaded before import = 0
Number of asset objects unloaded after import = 1
========================================================================
Received Import Request.
  Time since last request: 38.787529 seconds.
  path: Assets/New Terrain.asset
  artifactKey: Guid(0b9bd0cf346b8fb4a9bfe54896e19d65) Importer(815301076,1909f56bfc062723c751e8b465ee728b)
Start importing Assets/New Terrain.asset using Guid(0b9bd0cf346b8fb4a9bfe54896e19d65) Importer(815301076,1909f56bfc062723c751e8b465ee728b) [PhysX] Initialized MultithreadedTaskDispatcher with 8 workers.
 -> (artifact id: 'fbf75d0e33b1a5f3fb210d009171a41c') in 0.045126 seconds
Number of updated asset objects reloaded before import = 0
Number of asset objects unloaded after import = 1
========================================================================
Received Prepare
Caller must complete domain reload
Begin MonoManager ReloadAssembly
- Loaded All Assemblies, in  3.423 seconds
Native extension for WindowsStandalone target not found
Native extension for iOS target not found
Mono: successfully reloaded assembly
- Finished resetting the current domain, in 18.015 seconds
Domain Reload Profiling: 21437ms
	BeginReloadAssembly (282ms)
		ExecutionOrderSort (0ms)
		DisableScriptedObjects (5ms)
		BackupInstance (0ms)
		ReleaseScriptingObjects (1ms)
		CreateAndSetChildDomain (87ms)
	RebuildCommonClasses (59ms)
	RebuildNativeTypeToScriptingClass (15ms)
	initialDomainReloadingComplete (38ms)
	LoadAllAssembliesAndSetupDomain (3027ms)
		LoadAssemblies (3039ms)
		RebuildTransferFunctionScriptingTraits (0ms)
		AnalyzeDomain (127ms)
			TypeCache.Refresh (29ms)
				TypeCache.ScanAssembly (1ms)
			ScanForSourceGeneratedMonoScriptInfo (69ms)
			ResolveRequiredComponents (27ms)
	FinalizeReload (18016ms)
		ReleaseScriptCaches (0ms)
		RebuildScriptCaches (0ms)
		SetupLoadedEditorAssemblies (1344ms)
			LogAssemblyErrors (0ms)
			InitializePlatformSupportModulesInManaged (51ms)
			SetLoadedEditorAssemblies (12ms)
			RefreshPlugins (0ms)
			BeforeProcessingInitializeOnLoad (149ms)
			ProcessInitializeOnLoadAttributes (987ms)
			ProcessInitializeOnLoadMethodAttributes (139ms)
			AfterProcessingInitializeOnLoad (4ms)
			EditorAssembliesLoaded (1ms)
		ExecutionOrderSort2 (0ms)
		AwakeInstancesAfterBackupRestoration (14ms)
Refreshing native plugins compatible for Editor in 8.32 ms, found 3 plugins.
Preloading 0 native plugins for Editor in 0.00 ms.
Unloading 5471 Unused Serialized files (Serialized files now loaded: 0)
Unloading 29 unused Assets / (1.3 MB). Loaded Objects now: 6029.
Memory consumption went from 182.1 MB to 180.7 MB.
Total: 78.022100 ms (FindLiveObjects: 1.676200 ms CreateObjectMapping: 0.818300 ms MarkObjects: 73.353300 ms  DeleteObjects: 2.170700 ms)

Prepare: number of updated asset objects reloaded= 0
AssetImportParameters requested are different than current active one (requested -> active):
  custom:scripting/monoscript/fileName/Noise.cs: 2e9e44e9fa368a868187635d4de47e09 -> 
  custom:container-demuxer-ogg: 62fdf1f143b41e24485cea50d1cbac27 -> 
  custom:scripting/monoscript/fileName/LayerSettings.cs: 25e448f532accd517d15ee181fdee59f -> 
  custom:scripting/monoscript/fileName/TerrainPainterInspector.cs: 9b6ce80a19a647546dccf25ef8303ba9 -> 
  custom:video-decoder-ogg-theora: a1e56fd34408186e4bbccfd4996cb3dc -> 
  custom:framework-win-MediaFoundation: 216162199b28c13a410421893ffa2e32 -> 
  custom:scripting/monoscript/fileName/ModifierEditor.cs: bd1c546541cd7b6ecb943ab8ce2fd5a0 -> 
  custom:scripting/monoscript/fileName/Curvature.cs: 52127657f1f6195e2a74f0f77e13b6f8 -> 
  custom:CustomObjectIndexerAttribute: 72b91833f83ae208fae7752999fa3104 -> 
  custom:container-demuxer-webm: 4f35f7cbe854078d1ac9338744f61a02 -> 
  custom:scripting/monoscript/fileName/TerrainPainter.cs: 9ec617274eaf6dc714a345a200ba5a0f -> 
  custom:scripting/monoscript/fileName/HeatmapPreview.cs: b5be9e21674d851a0edf6fab846f649a -> 
  custom:scripting/monoscript/fileName/Utilities.cs: 64b1895b0de4a22156b31daddd8e7748 -> 
  custom:container-muxer-webm: aa71ff27fc2769a1b78a27578f13a17b -> 
  custom:video-decoder-webm-vp8: 9c59270c3fd7afecdb556c50c9e8de78 -> 
  custom:scripting/monoscript/fileName/Modifier.cs: 95887978e573c577866150c0c0f3d51b -> 
  custom:SearchIndexIgnoredProperties: e643bd26f0fe6173181afceb89e7c659 -> 
  custom:AudioImporter_EditorPlatform: d09bf68614088b80899f8185d706f6e7 -> 
  custom:scripting/monoscript/fileName/Slope.cs: 6c26c92f437bf6dc6af3379aa172086b -> 
  custom:scripting/monoscript/fileName/TextureMask.cs: ed3ef85069521cefaac846cd5705fd83 -> 
  custom:scripting/monoscript/fileName/ModifierStack.cs: ab30073cf41c4f7b98572c520e066cff -> 
  custom:video-encoder-webm-vp8: eb34c28f22e8b96e1ab97ce403110664 -> 
  custom:scripting/precompiled-assembly-types:sc.terrain.painter.editor: c09aa83f573b298e295b7639461ae327 -> 
  custom:audio-decoder-ogg-vorbis: bf7c407c2cedff20999df2af8eb42d56 -> 
  custom:scripting/monoscript/fileName/Height.cs: b6f2c207cb4403587b41112316b02828 -> 
  custom:scripting/monoscript/fileName/TerrainChangeListener.cs: 007a811a94043cb3a2baecc0dae2a4ec -> 
  custom:scripting/precompiled-assembly-types:sc.terrain.painter.runtime: 775aac4dfef5fcb3808b32ce30f1eff0 -> 
  custom:audio-encoder-webm-vorbis: bf7c407c2cedff20999df2af8eb42d56 -> 
  custom:scripting/monoscript/fileName/Attributes.cs: e9dc9ab8918c93eb13ad748a7e675e89 -> 9d3861389974f0823e7e341aa6c23dae
  custom:scripting/monoscript/fileName/PropertyDrawers.cs: e43720427fa2839c8f300e8558fd6c14 -> 
  custom:scripting/monoscript/fileName/Direction.cs: f16dbe4760611d36f1cac453956d5466 -> 
========================================================================
Received Import Request.
  Time since last request: 224.841049 seconds.
  path: Assets/ProceduralTerrainPainter/_Demo/Textures/Gravel_020_Albedo.png
  artifactKey: Guid(2abbf73cff3e28c429570b6ac2d1d41b) Importer(815301076,1909f56bfc062723c751e8b465ee728b)
Start importing Assets/ProceduralTerrainPainter/_Demo/Textures/Gravel_020_Albedo.png using Guid(2abbf73cff3e28c429570b6ac2d1d41b) Importer(815301076,1909f56bfc062723c751e8b465ee728b) [PhysX] Initialized MultithreadedTaskDispatcher with 8 workers.
[PhysX] Initialized MultithreadedTaskDispatcher with 8 workers.
 -> (artifact id: '9a029f5855558775ffaede03f7aeb849') in 0.446872 seconds
Number of updated asset objects reloaded before import = 0
Number of asset objects unloaded after import = 2
========================================================================
Received Import Request.
  Time since last request: 0.000033 seconds.
  path: Assets/ProceduralTerrainPainter/_Demo/Textures/Ground_008_Albedo.png
  artifactKey: Guid(f4c2b7e2446a93443a8602ed52450824) Importer(815301076,1909f56bfc062723c751e8b465ee728b)
Start importing Assets/ProceduralTerrainPainter/_Demo/Textures/Ground_008_Albedo.png using Guid(f4c2b7e2446a93443a8602ed52450824) Importer(815301076,1909f56bfc062723c751e8b465ee728b) [PhysX] Initialized MultithreadedTaskDispatcher with 8 workers.
[PhysX] Initialized MultithreadedTaskDispatcher with 8 workers.
 -> (artifact id: '8200896eae5962e6fa549ca8eb9673ca') in 0.026007 seconds
Number of updated asset objects reloaded before import = 0
Number of asset objects unloaded after import = 2
========================================================================
Received Import Request.
  Time since last request: 0.000034 seconds.
  path: Assets/ProceduralTerrainPainter/_Demo/Textures/Ground_037_Normals.png
  artifactKey: Guid(583f9047eed05c342b9997b4ff0270a3) Importer(815301076,1909f56bfc062723c751e8b465ee728b)
Start importing Assets/ProceduralTerrainPainter/_Demo/Textures/Ground_037_Normals.png using Guid(583f9047eed05c342b9997b4ff0270a3) Importer(815301076,1909f56bfc062723c751e8b465ee728b) [PhysX] Initialized MultithreadedTaskDispatcher with 8 workers.
[PhysX] Initialized MultithreadedTaskDispatcher with 8 workers.
 -> (artifact id: '2a93d2d4ecd06f17018c6b3802f82abb') in 0.069208 seconds
Number of updated asset objects reloaded before import = 0
Number of asset objects unloaded after import = 2
========================================================================
Received Import Request.
  Time since last request: 0.000031 seconds.
  path: Assets/ProceduralTerrainPainter/_Demo/Textures/Ground_008_Normals.png
  artifactKey: Guid(ddfcfecd4e7574b41ab6d976c9778486) Importer(815301076,1909f56bfc062723c751e8b465ee728b)
Start importing Assets/ProceduralTerrainPainter/_Demo/Textures/Ground_008_Normals.png using Guid(ddfcfecd4e7574b41ab6d976c9778486) Importer(815301076,1909f56bfc062723c751e8b465ee728b) [PhysX] Initialized MultithreadedTaskDispatcher with 8 workers.
[PhysX] Initialized MultithreadedTaskDispatcher with 8 workers.
 -> (artifact id: 'fc677717dfee32bc5c0b35ea5cc747f1') in 0.030030 seconds
Number of updated asset objects reloaded before import = 0
Number of asset objects unloaded after import = 2
========================================================================
Received Import Request.
  Time since last request: 0.000058 seconds.
  path: Assets/ProceduralTerrainPainter/_Demo/Textures/Sand_034_Albedo.png
  artifactKey: Guid(780df0da6ab54ca40821db1b339520ee) Importer(815301076,1909f56bfc062723c751e8b465ee728b)
Start importing Assets/ProceduralTerrainPainter/_Demo/Textures/Sand_034_Albedo.png using Guid(780df0da6ab54ca40821db1b339520ee) Importer(815301076,1909f56bfc062723c751e8b465ee728b) [PhysX] Initialized MultithreadedTaskDispatcher with 8 workers.
[PhysX] Initialized MultithreadedTaskDispatcher with 8 workers.
 -> (artifact id: '9173541263f635366e98804190254937') in 0.030404 seconds
Number of updated asset objects reloaded before import = 0
Number of asset objects unloaded after import = 2
========================================================================
Received Import Request.
  Time since last request: 0.000038 seconds.
  path: Assets/ProceduralTerrainPainter/_Demo/Textures/Snow_006_Normals.png
  artifactKey: Guid(55e05f56a6aa4804ea4a76b5b7b35fd1) Importer(815301076,1909f56bfc062723c751e8b465ee728b)
Start importing Assets/ProceduralTerrainPainter/_Demo/Textures/Snow_006_Normals.png using Guid(55e05f56a6aa4804ea4a76b5b7b35fd1) Importer(815301076,1909f56bfc062723c751e8b465ee728b) [PhysX] Initialized MultithreadedTaskDispatcher with 8 workers.
[PhysX] Initialized MultithreadedTaskDispatcher with 8 workers.
 -> (artifact id: 'bdc60e223004ad87b04f24ff189f89c8') in 0.032979 seconds
Number of updated asset objects reloaded before import = 0
Number of asset objects unloaded after import = 2
========================================================================
Received Import Request.
  Time since last request: 3.863745 seconds.
  path: Assets/NewBrush.brush
  artifactKey: Guid(c8fa2c8ed48df784fa92ad97985674db) Importer(815301076,1909f56bfc062723c751e8b465ee728b)
Start importing Assets/NewBrush.brush using Guid(c8fa2c8ed48df784fa92ad97985674db) Importer(815301076,1909f56bfc062723c751e8b465ee728b) [PhysX] Initialized MultithreadedTaskDispatcher with 8 workers.
 -> (artifact id: '137d4d9f083c1fdc94b3f08efafede32') in 0.377645 seconds
Number of updated asset objects reloaded before import = 0
Number of asset objects unloaded after import = 2
========================================================================
Received Import Request.
  Time since last request: 118.843862 seconds.
  path: Assets/ProceduralTerrainPainter/_Demo/Layers/Cliffs.terrainlayer
  artifactKey: Guid(69debc15b685aef4aa7bb2783ddd8a2b) Importer(815301076,1909f56bfc062723c751e8b465ee728b)
Start importing Assets/ProceduralTerrainPainter/_Demo/Layers/Cliffs.terrainlayer using Guid(69debc15b685aef4aa7bb2783ddd8a2b) Importer(815301076,1909f56bfc062723c751e8b465ee728b) [PhysX] Initialized MultithreadedTaskDispatcher with 8 workers.
 -> (artifact id: '33c96fa35cb6c751e758859074262d59') in 0.155162 seconds
Number of updated asset objects reloaded before import = 0
Number of asset objects unloaded after import = 4
========================================================================
Received Import Request.
  Time since last request: 0.000040 seconds.
  path: Assets/ProceduralTerrainPainter/_Demo/Layers/Gravel.terrainlayer
  artifactKey: Guid(0cb80391d22817b42a6231c64293ae96) Importer(815301076,1909f56bfc062723c751e8b465ee728b)
Start importing Assets/ProceduralTerrainPainter/_Demo/Layers/Gravel.terrainlayer using Guid(0cb80391d22817b42a6231c64293ae96) Importer(815301076,1909f56bfc062723c751e8b465ee728b) [PhysX] Initialized MultithreadedTaskDispatcher with 8 workers.
 -> (artifact id: 'f04a7a172ed7e2af9c9cb5947dd6a679') in 0.043762 seconds
Number of updated asset objects reloaded before import = 0
Number of asset objects unloaded after import = 4
========================================================================
Received Import Request.
  Time since last request: 0.000084 seconds.
  path: Assets/ProceduralTerrainPainter/_Demo/Layers/Puddles.terrainlayer
  artifactKey: Guid(3d81b9bfeafeb1f40b4d3c7d03d1e108) Importer(815301076,1909f56bfc062723c751e8b465ee728b)
Start importing Assets/ProceduralTerrainPainter/_Demo/Layers/Puddles.terrainlayer using Guid(3d81b9bfeafeb1f40b4d3c7d03d1e108) Importer(815301076,1909f56bfc062723c751e8b465ee728b) [PhysX] Initialized MultithreadedTaskDispatcher with 8 workers.
 -> (artifact id: '4270796db4f326dc72858490bd579e0d') in 0.029407 seconds
Number of updated asset objects reloaded before import = 0
Number of asset objects unloaded after import = 1
========================================================================
Received Import Request.
  Time since last request: 18.038681 seconds.
  path: Assets/New Terrain.asset
  artifactKey: Guid(0b9bd0cf346b8fb4a9bfe54896e19d65) Importer(815301076,1909f56bfc062723c751e8b465ee728b)
Start importing Assets/New Terrain.asset using Guid(0b9bd0cf346b8fb4a9bfe54896e19d65) Importer(815301076,1909f56bfc062723c751e8b465ee728b) [PhysX] Initialized MultithreadedTaskDispatcher with 8 workers.
 -> (artifact id: '39142fd1fb218139b4406ee0365a28bf') in 0.010323 seconds
Number of updated asset objects reloaded before import = 0
Number of asset objects unloaded after import = 1
========================================================================
Received Prepare
Caller must complete domain reload
Begin MonoManager ReloadAssembly
- Loaded All Assemblies, in  0.774 seconds
Native extension for WindowsStandalone target not found
Native extension for iOS target not found
Mono: successfully reloaded assembly
- Finished resetting the current domain, in  7.651 seconds
Domain Reload Profiling: 8425ms
	BeginReloadAssembly (227ms)
		ExecutionOrderSort (0ms)
		DisableScriptedObjects (9ms)
		BackupInstance (0ms)
		ReleaseScriptingObjects (0ms)
		CreateAndSetChildDomain (55ms)
	RebuildCommonClasses (41ms)
	RebuildNativeTypeToScriptingClass (12ms)
	initialDomainReloadingComplete (35ms)
	LoadAllAssembliesAndSetupDomain (458ms)
		LoadAssemblies (545ms)
		RebuildTransferFunctionScriptingTraits (0ms)
		AnalyzeDomain (37ms)
			TypeCache.Refresh (13ms)
				TypeCache.ScanAssembly (0ms)
			ScanForSourceGeneratedMonoScriptInfo (0ms)
			ResolveRequiredComponents (20ms)
	FinalizeReload (7652ms)
		ReleaseScriptCaches (0ms)
		RebuildScriptCaches (0ms)
		SetupLoadedEditorAssemblies (2931ms)
			LogAssemblyErrors (0ms)
			InitializePlatformSupportModulesInManaged (238ms)
			SetLoadedEditorAssemblies (72ms)
			RefreshPlugins (0ms)
			BeforeProcessingInitializeOnLoad (854ms)
			ProcessInitializeOnLoadAttributes (1607ms)
			ProcessInitializeOnLoadMethodAttributes (153ms)
			AfterProcessingInitializeOnLoad (6ms)
			EditorAssembliesLoaded (0ms)
		ExecutionOrderSort2 (0ms)
		AwakeInstancesAfterBackupRestoration (17ms)
Refreshing native plugins compatible for Editor in 5.68 ms, found 3 plugins.
Preloading 0 native plugins for Editor in 0.00 ms.
Unloading 5471 Unused Serialized files (Serialized files now loaded: 0)
Unloading 30 unused Assets / (1.3 MB). Loaded Objects now: 6055.
Memory consumption went from 186.3 MB to 185.0 MB.
Total: 9.019400 ms (FindLiveObjects: 0.851200 ms CreateObjectMapping: 0.711500 ms MarkObjects: 6.635500 ms  DeleteObjects: 0.819200 ms)

Prepare: number of updated asset objects reloaded= 0
AssetImportParameters requested are different than current active one (requested -> active):
  custom:scripting/monoscript/fileName/Noise.cs: 2e9e44e9fa368a868187635d4de47e09 -> 
  custom:container-demuxer-ogg: 62fdf1f143b41e24485cea50d1cbac27 -> 
  custom:scripting/monoscript/fileName/LayerSettings.cs: 25e448f532accd517d15ee181fdee59f -> 
  custom:scripting/monoscript/fileName/TerrainPainterInspector.cs: 9b6ce80a19a647546dccf25ef8303ba9 -> 
  custom:video-decoder-ogg-theora: a1e56fd34408186e4bbccfd4996cb3dc -> 
  custom:framework-win-MediaFoundation: 216162199b28c13a410421893ffa2e32 -> 
  custom:scripting/monoscript/fileName/ModifierEditor.cs: bd1c546541cd7b6ecb943ab8ce2fd5a0 -> 
  custom:scripting/monoscript/fileName/Curvature.cs: 52127657f1f6195e2a74f0f77e13b6f8 -> 
  custom:CustomObjectIndexerAttribute: 72b91833f83ae208fae7752999fa3104 -> 
  custom:container-demuxer-webm: 4f35f7cbe854078d1ac9338744f61a02 -> 
  custom:scripting/monoscript/fileName/TerrainPainter.cs: 9ec617274eaf6dc714a345a200ba5a0f -> 
  custom:scripting/monoscript/fileName/HeatmapPreview.cs: b5be9e21674d851a0edf6fab846f649a -> 
  custom:scripting/monoscript/fileName/Utilities.cs: 64b1895b0de4a22156b31daddd8e7748 -> 
  custom:container-muxer-webm: aa71ff27fc2769a1b78a27578f13a17b -> 
  custom:video-decoder-webm-vp8: 9c59270c3fd7afecdb556c50c9e8de78 -> 
  custom:scripting/monoscript/fileName/Modifier.cs: 95887978e573c577866150c0c0f3d51b -> 
  custom:SearchIndexIgnoredProperties: e643bd26f0fe6173181afceb89e7c659 -> 
  custom:AudioImporter_EditorPlatform: d09bf68614088b80899f8185d706f6e7 -> 
  custom:scripting/monoscript/fileName/Slope.cs: 6c26c92f437bf6dc6af3379aa172086b -> 
  custom:scripting/monoscript/fileName/TextureMask.cs: ed3ef85069521cefaac846cd5705fd83 -> 
  custom:scripting/monoscript/fileName/ModifierStack.cs: ab30073cf41c4f7b98572c520e066cff -> 
  custom:video-encoder-webm-vp8: eb34c28f22e8b96e1ab97ce403110664 -> 
  custom:scripting/precompiled-assembly-types:sc.terrain.painter.editor: c09aa83f573b298e295b7639461ae327 -> 
  custom:audio-decoder-ogg-vorbis: bf7c407c2cedff20999df2af8eb42d56 -> 
  custom:scripting/monoscript/fileName/Height.cs: b6f2c207cb4403587b41112316b02828 -> 
  custom:scripting/monoscript/fileName/TerrainChangeListener.cs: 007a811a94043cb3a2baecc0dae2a4ec -> 
  custom:scripting/precompiled-assembly-types:sc.terrain.painter.runtime: 775aac4dfef5fcb3808b32ce30f1eff0 -> 
  custom:audio-encoder-webm-vorbis: bf7c407c2cedff20999df2af8eb42d56 -> 
  custom:scripting/monoscript/fileName/Attributes.cs: e9dc9ab8918c93eb13ad748a7e675e89 -> 9d3861389974f0823e7e341aa6c23dae
  custom:scripting/monoscript/fileName/PropertyDrawers.cs: e43720427fa2839c8f300e8558fd6c14 -> 
  custom:scripting/monoscript/fileName/Direction.cs: f16dbe4760611d36f1cac453956d5466 -> 
========================================================================
Received Import Request.
  Time since last request: 75.052946 seconds.
  path: Assets/New Terrain.asset
  artifactKey: Guid(0b9bd0cf346b8fb4a9bfe54896e19d65) Importer(815301076,1909f56bfc062723c751e8b465ee728b)
Start importing Assets/New Terrain.asset using Guid(0b9bd0cf346b8fb4a9bfe54896e19d65) Importer(815301076,1909f56bfc062723c751e8b465ee728b) [PhysX] Initialized MultithreadedTaskDispatcher with 8 workers.
[PhysX] Initialized MultithreadedTaskDispatcher with 8 workers.
 -> (artifact id: '52e204efdbf2926e88fa062763cfb146') in 0.197827 seconds
Number of updated asset objects reloaded before import = 0
Number of asset objects unloaded after import = 3
========================================================================
Received Import Request.
  Time since last request: 10.105982 seconds.
  path: Assets/ProceduralTerrainPainter/_Demo/TerrainData/TerrainChunk_3.asset
  artifactKey: Guid(0c299d6c9e830aa4d9ef9301ea8ec433) Importer(815301076,1909f56bfc062723c751e8b465ee728b)
Start importing Assets/ProceduralTerrainPainter/_Demo/TerrainData/TerrainChunk_3.asset using Guid(0c299d6c9e830aa4d9ef9301ea8ec433) Importer(815301076,1909f56bfc062723c751e8b465ee728b) [PhysX] Initialized MultithreadedTaskDispatcher with 8 workers.
[PhysX] Initialized MultithreadedTaskDispatcher with 8 workers.
[PhysX] Initialized MultithreadedTaskDispatcher with 8 workers.
 -> (artifact id: 'ada5464a580e08485c7b5ab974ee034f') in 0.161593 seconds
Number of updated asset objects reloaded before import = 0
Number of asset objects unloaded after import = 4
========================================================================
Received Import Request.
  Time since last request: 0.000034 seconds.
  path: Assets/ProceduralTerrainPainter/_Demo/TerrainData/TerrainChunk_1.asset
  artifactKey: Guid(1b49923812742c241af8fabb84e36acc) Importer(815301076,1909f56bfc062723c751e8b465ee728b)
Start importing Assets/ProceduralTerrainPainter/_Demo/TerrainData/TerrainChunk_1.asset using Guid(1b49923812742c241af8fabb84e36acc) Importer(815301076,1909f56bfc062723c751e8b465ee728b) [PhysX] Initialized MultithreadedTaskDispatcher with 8 workers.
[PhysX] Initialized MultithreadedTaskDispatcher with 8 workers.
[PhysX] Initialized MultithreadedTaskDispatcher with 8 workers.
 -> (artifact id: '5455efabdae0dc2904d1b6a8f68b7c32') in 0.107712 seconds
Number of updated asset objects reloaded before import = 0
Number of asset objects unloaded after import = 4
========================================================================
Received Import Request.
  Time since last request: 0.099132 seconds.
  path: Assets/ProceduralTerrainPainter/_Demo/TerrainData/TerrainChunk_0.asset
  artifactKey: Guid(80c2198814d1a694f9044e4f5a861c2b) Importer(815301076,1909f56bfc062723c751e8b465ee728b)
Start importing Assets/ProceduralTerrainPainter/_Demo/TerrainData/TerrainChunk_0.asset using Guid(80c2198814d1a694f9044e4f5a861c2b) Importer(815301076,1909f56bfc062723c751e8b465ee728b) [PhysX] Initialized MultithreadedTaskDispatcher with 8 workers.
[PhysX] Initialized MultithreadedTaskDispatcher with 8 workers.
[PhysX] Initialized MultithreadedTaskDispatcher with 8 workers.
 -> (artifact id: '76407f73660d38c1642bbb7c188c8f4e') in 0.059769 seconds
Number of updated asset objects reloaded before import = 0
Number of asset objects unloaded after import = 4
========================================================================
Received Import Request.
  Time since last request: 4.689483 seconds.
  path: Assets/NewBrush 1.brush
  artifactKey: Guid(9a58630d2fd007044b02b8107e49589a) Importer(815301076,1909f56bfc062723c751e8b465ee728b)
Start importing Assets/NewBrush 1.brush using Guid(9a58630d2fd007044b02b8107e49589a) Importer(815301076,1909f56bfc062723c751e8b465ee728b) [PhysX] Initialized MultithreadedTaskDispatcher with 8 workers.
 -> (artifact id: '873e097ffda039d5271dc46e8d078ad1') in 0.052497 seconds
Number of updated asset objects reloaded before import = 0
Number of asset objects unloaded after import = 2
========================================================================
Received Prepare
Caller must complete domain reload
Begin MonoManager ReloadAssembly
- Loaded All Assemblies, in  1.321 seconds
Native extension for WindowsStandalone target not found
Native extension for iOS target not found
Mono: successfully reloaded assembly
- Finished resetting the current domain, in 13.270 seconds
Domain Reload Profiling: 14590ms
	BeginReloadAssembly (216ms)
		ExecutionOrderSort (0ms)
		DisableScriptedObjects (5ms)
		BackupInstance (0ms)
		ReleaseScriptingObjects (0ms)
		CreateAndSetChildDomain (54ms)
	RebuildCommonClasses (47ms)
	RebuildNativeTypeToScriptingClass (18ms)
	initialDomainReloadingComplete (36ms)
	LoadAllAssembliesAndSetupDomain (1003ms)
		LoadAssemblies (1068ms)
		RebuildTransferFunctionScriptingTraits (0ms)
		AnalyzeDomain (50ms)
			TypeCache.Refresh (12ms)
				TypeCache.ScanAssembly (0ms)
			ScanForSourceGeneratedMonoScriptInfo (0ms)
			ResolveRequiredComponents (34ms)
	FinalizeReload (13270ms)
		ReleaseScriptCaches (0ms)
		RebuildScriptCaches (0ms)
		SetupLoadedEditorAssemblies (1113ms)
			LogAssemblyErrors (0ms)
			InitializePlatformSupportModulesInManaged (40ms)
			SetLoadedEditorAssemblies (8ms)
			RefreshPlugins (0ms)
			BeforeProcessingInitializeOnLoad (120ms)
			ProcessInitializeOnLoadAttributes (853ms)
			ProcessInitializeOnLoadMethodAttributes (88ms)
			AfterProcessingInitializeOnLoad (4ms)
			EditorAssembliesLoaded (0ms)
		ExecutionOrderSort2 (0ms)
		AwakeInstancesAfterBackupRestoration (10ms)
Refreshing native plugins compatible for Editor in 6.20 ms, found 3 plugins.
Preloading 0 native plugins for Editor in 0.00 ms.
Unloading 5471 Unused Serialized files (Serialized files now loaded: 0)
Unloading 29 unused Assets / (1.3 MB). Loaded Objects now: 6072.
Memory consumption went from 186.3 MB to 185.0 MB.
Total: 7.459000 ms (FindLiveObjects: 0.674600 ms CreateObjectMapping: 0.369200 ms MarkObjects: 5.588700 ms  DeleteObjects: 0.824400 ms)

Prepare: number of updated asset objects reloaded= 0
AssetImportParameters requested are different than current active one (requested -> active):
  custom:scripting/monoscript/fileName/Noise.cs: 2e9e44e9fa368a868187635d4de47e09 -> 
  custom:container-demuxer-ogg: 62fdf1f143b41e24485cea50d1cbac27 -> 
  custom:scripting/monoscript/fileName/LayerSettings.cs: 25e448f532accd517d15ee181fdee59f -> 
  custom:scripting/monoscript/fileName/TerrainPainterInspector.cs: 9b6ce80a19a647546dccf25ef8303ba9 -> 
  custom:video-decoder-ogg-theora: a1e56fd34408186e4bbccfd4996cb3dc -> 
  custom:framework-win-MediaFoundation: 216162199b28c13a410421893ffa2e32 -> 
  custom:scripting/monoscript/fileName/ModifierEditor.cs: bd1c546541cd7b6ecb943ab8ce2fd5a0 -> 
  custom:scripting/monoscript/fileName/Curvature.cs: 52127657f1f6195e2a74f0f77e13b6f8 -> 
  custom:CustomObjectIndexerAttribute: 72b91833f83ae208fae7752999fa3104 -> 
  custom:container-demuxer-webm: 4f35f7cbe854078d1ac9338744f61a02 -> 
  custom:scripting/monoscript/fileName/TerrainPainter.cs: 9ec617274eaf6dc714a345a200ba5a0f -> 
  custom:scripting/monoscript/fileName/HeatmapPreview.cs: b5be9e21674d851a0edf6fab846f649a -> 
  custom:scripting/monoscript/fileName/Utilities.cs: 64b1895b0de4a22156b31daddd8e7748 -> 
  custom:container-muxer-webm: aa71ff27fc2769a1b78a27578f13a17b -> 
  custom:video-decoder-webm-vp8: 9c59270c3fd7afecdb556c50c9e8de78 -> 
  custom:scripting/monoscript/fileName/Modifier.cs: 95887978e573c577866150c0c0f3d51b -> 
  custom:SearchIndexIgnoredProperties: e643bd26f0fe6173181afceb89e7c659 -> 
  custom:AudioImporter_EditorPlatform: d09bf68614088b80899f8185d706f6e7 -> 
  custom:scripting/monoscript/fileName/Slope.cs: 6c26c92f437bf6dc6af3379aa172086b -> 
  custom:scripting/monoscript/fileName/TextureMask.cs: ed3ef85069521cefaac846cd5705fd83 -> 
  custom:scripting/monoscript/fileName/ModifierStack.cs: ab30073cf41c4f7b98572c520e066cff -> 
  custom:video-encoder-webm-vp8: eb34c28f22e8b96e1ab97ce403110664 -> 
  custom:scripting/precompiled-assembly-types:sc.terrain.painter.editor: c09aa83f573b298e295b7639461ae327 -> 
  custom:audio-decoder-ogg-vorbis: bf7c407c2cedff20999df2af8eb42d56 -> 
  custom:scripting/monoscript/fileName/Height.cs: b6f2c207cb4403587b41112316b02828 -> 
  custom:scripting/monoscript/fileName/TerrainChangeListener.cs: 007a811a94043cb3a2baecc0dae2a4ec -> 
  custom:scripting/precompiled-assembly-types:sc.terrain.painter.runtime: 775aac4dfef5fcb3808b32ce30f1eff0 -> 
  custom:audio-encoder-webm-vorbis: bf7c407c2cedff20999df2af8eb42d56 -> 
  custom:scripting/monoscript/fileName/Attributes.cs: e9dc9ab8918c93eb13ad748a7e675e89 -> 9d3861389974f0823e7e341aa6c23dae
  custom:scripting/monoscript/fileName/PropertyDrawers.cs: e43720427fa2839c8f300e8558fd6c14 -> 
  custom:scripting/monoscript/fileName/Direction.cs: f16dbe4760611d36f1cac453956d5466 -> 
========================================================================
Received Prepare
Caller must complete domain reload
Begin MonoManager ReloadAssembly
- Loaded All Assemblies, in  0.612 seconds
Native extension for WindowsStandalone target not found
Native extension for iOS target not found
Mono: successfully reloaded assembly
- Finished resetting the current domain, in  3.419 seconds
Domain Reload Profiling: 4031ms
	BeginReloadAssembly (221ms)
		ExecutionOrderSort (0ms)
		DisableScriptedObjects (5ms)
		BackupInstance (0ms)
		ReleaseScriptingObjects (0ms)
		CreateAndSetChildDomain (51ms)
	RebuildCommonClasses (46ms)
	RebuildNativeTypeToScriptingClass (17ms)
	initialDomainReloadingComplete (33ms)
	LoadAllAssembliesAndSetupDomain (294ms)
		LoadAssemblies (394ms)
		RebuildTransferFunctionScriptingTraits (0ms)
		AnalyzeDomain (26ms)
			TypeCache.Refresh (8ms)
				TypeCache.ScanAssembly (0ms)
			ScanForSourceGeneratedMonoScriptInfo (0ms)
			ResolveRequiredComponents (15ms)
	FinalizeReload (3420ms)
		ReleaseScriptCaches (0ms)
		RebuildScriptCaches (0ms)
		SetupLoadedEditorAssemblies (2403ms)
			LogAssemblyErrors (0ms)
			InitializePlatformSupportModulesInManaged (96ms)
			SetLoadedEditorAssemblies (48ms)
			RefreshPlugins (0ms)
			BeforeProcessingInitializeOnLoad (866ms)
			ProcessInitializeOnLoadAttributes (1297ms)
			ProcessInitializeOnLoadMethodAttributes (88ms)
			AfterProcessingInitializeOnLoad (5ms)
			EditorAssembliesLoaded (4ms)
		ExecutionOrderSort2 (0ms)
		AwakeInstancesAfterBackupRestoration (22ms)
Refreshing native plugins compatible for Editor in 32.35 ms, found 3 plugins.
Preloading 0 native plugins for Editor in 0.00 ms.
Unloading 5471 Unused Serialized files (Serialized files now loaded: 0)
Unloading 27 unused Assets / (1.0 MB). Loaded Objects now: 6087.
Memory consumption went from 185.9 MB to 185.0 MB.
Total: 8.435900 ms (FindLiveObjects: 0.505200 ms CreateObjectMapping: 0.304900 ms MarkObjects: 6.781100 ms  DeleteObjects: 0.841700 ms)

Prepare: number of updated asset objects reloaded= 0
AssetImportParameters requested are different than current active one (requested -> active):
  custom:scripting/monoscript/fileName/Noise.cs: 2e9e44e9fa368a868187635d4de47e09 -> 
  custom:container-demuxer-ogg: 62fdf1f143b41e24485cea50d1cbac27 -> 
  custom:scripting/monoscript/fileName/LayerSettings.cs: 25e448f532accd517d15ee181fdee59f -> 
  custom:scripting/monoscript/fileName/TerrainPainterInspector.cs: 9b6ce80a19a647546dccf25ef8303ba9 -> 
  custom:video-decoder-ogg-theora: a1e56fd34408186e4bbccfd4996cb3dc -> 
  custom:framework-win-MediaFoundation: 216162199b28c13a410421893ffa2e32 -> 
  custom:scripting/monoscript/fileName/ModifierEditor.cs: bd1c546541cd7b6ecb943ab8ce2fd5a0 -> 
  custom:scripting/monoscript/fileName/Curvature.cs: 52127657f1f6195e2a74f0f77e13b6f8 -> 
  custom:CustomObjectIndexerAttribute: 72b91833f83ae208fae7752999fa3104 -> 
  custom:container-demuxer-webm: 4f35f7cbe854078d1ac9338744f61a02 -> 
  custom:scripting/monoscript/fileName/TerrainPainter.cs: 9ec617274eaf6dc714a345a200ba5a0f -> 
  custom:scripting/monoscript/fileName/HeatmapPreview.cs: b5be9e21674d851a0edf6fab846f649a -> 
  custom:scripting/monoscript/fileName/Utilities.cs: 64b1895b0de4a22156b31daddd8e7748 -> 
  custom:container-muxer-webm: aa71ff27fc2769a1b78a27578f13a17b -> 
  custom:video-decoder-webm-vp8: 9c59270c3fd7afecdb556c50c9e8de78 -> 
  custom:scripting/monoscript/fileName/Modifier.cs: 95887978e573c577866150c0c0f3d51b -> 
  custom:SearchIndexIgnoredProperties: e643bd26f0fe6173181afceb89e7c659 -> 
  custom:AudioImporter_EditorPlatform: d09bf68614088b80899f8185d706f6e7 -> 
  custom:scripting/monoscript/fileName/Slope.cs: 6c26c92f437bf6dc6af3379aa172086b -> 
  custom:scripting/monoscript/fileName/TextureMask.cs: ed3ef85069521cefaac846cd5705fd83 -> 
  custom:scripting/monoscript/fileName/ModifierStack.cs: ab30073cf41c4f7b98572c520e066cff -> 
  custom:video-encoder-webm-vp8: eb34c28f22e8b96e1ab97ce403110664 -> 
  custom:scripting/precompiled-assembly-types:sc.terrain.painter.editor: c09aa83f573b298e295b7639461ae327 -> 
  custom:audio-decoder-ogg-vorbis: bf7c407c2cedff20999df2af8eb42d56 -> 
  custom:scripting/monoscript/fileName/Height.cs: b6f2c207cb4403587b41112316b02828 -> 
  custom:scripting/monoscript/fileName/TerrainChangeListener.cs: 007a811a94043cb3a2baecc0dae2a4ec -> 
  custom:scripting/precompiled-assembly-types:sc.terrain.painter.runtime: 775aac4dfef5fcb3808b32ce30f1eff0 -> 
  custom:audio-encoder-webm-vorbis: bf7c407c2cedff20999df2af8eb42d56 -> 
  custom:scripting/monoscript/fileName/Attributes.cs: e9dc9ab8918c93eb13ad748a7e675e89 -> 9d3861389974f0823e7e341aa6c23dae
  custom:scripting/monoscript/fileName/PropertyDrawers.cs: e43720427fa2839c8f300e8558fd6c14 -> 
  custom:scripting/monoscript/fileName/Direction.cs: f16dbe4760611d36f1cac453956d5466 -> 
========================================================================
Received Import Request.
  Time since last request: 225.360579 seconds.
  path: Assets/New Terrain.asset
  artifactKey: Guid(0b9bd0cf346b8fb4a9bfe54896e19d65) Importer(815301076,1909f56bfc062723c751e8b465ee728b)
Start importing Assets/New Terrain.asset using Guid(0b9bd0cf346b8fb4a9bfe54896e19d65) Importer(815301076,1909f56bfc062723c751e8b465ee728b) [PhysX] Initialized MultithreadedTaskDispatcher with 8 workers.
[PhysX] Initialized MultithreadedTaskDispatcher with 8 workers.
 -> (artifact id: '67e3cdbfd1e346f3faa58ff46ea0d400') in 0.184646 seconds
Number of updated asset objects reloaded before import = 0
Number of asset objects unloaded after import = 3
========================================================================
Received Import Request.
  Time since last request: 1334.766830 seconds.
  path: Assets/ProceduralTerrainPainter
  artifactKey: Guid(6c8d6ecb8507e2749b1b297bde5685ac) Importer(815301076,1909f56bfc062723c751e8b465ee728b)
Start importing Assets/ProceduralTerrainPainter using Guid(6c8d6ecb8507e2749b1b297bde5685ac) Importer(815301076,1909f56bfc062723c751e8b465ee728b) [PhysX] Initialized MultithreadedTaskDispatcher with 8 workers.
 -> (artifact id: 'efba9477e8d65cd86b1ea911b3f0b341') in 0.027021 seconds
Number of updated asset objects reloaded before import = 0
Number of asset objects unloaded after import = 0
========================================================================
Received Import Request.
  Time since last request: 6.323560 seconds.
  path: Assets/ProceduralTerrainPainter/Runtime
  artifactKey: Guid(e4302148c55f089458b8e4ebd66c60e3) Importer(815301076,1909f56bfc062723c751e8b465ee728b)
Start importing Assets/ProceduralTerrainPainter/Runtime using Guid(e4302148c55f089458b8e4ebd66c60e3) Importer(815301076,1909f56bfc062723c751e8b465ee728b) [PhysX] Initialized MultithreadedTaskDispatcher with 8 workers.
 -> (artifact id: '576d55196425b3865d171da52c31933b') in 0.004601 seconds
Number of updated asset objects reloaded before import = 0
Number of asset objects unloaded after import = 0
========================================================================
Received Prepare
Caller must complete domain reload
Begin MonoManager ReloadAssembly
- Loaded All Assemblies, in  8.933 seconds
Native extension for WindowsStandalone target not found
Native extension for iOS target not found
Mono: successfully reloaded assembly
- Finished resetting the current domain, in 38.892 seconds
Domain Reload Profiling: 47832ms
	BeginReloadAssembly (2958ms)
		ExecutionOrderSort (0ms)
		DisableScriptedObjects (70ms)
		BackupInstance (0ms)
		ReleaseScriptingObjects (1ms)
		CreateAndSetChildDomain (1088ms)
	RebuildCommonClasses (118ms)
	RebuildNativeTypeToScriptingClass (35ms)
	initialDomainReloadingComplete (94ms)
	LoadAllAssembliesAndSetupDomain (5733ms)
		LoadAssemblies (6909ms)
		RebuildTransferFunctionScriptingTraits (0ms)
		AnalyzeDomain (243ms)
			TypeCache.Refresh (69ms)
				TypeCache.ScanAssembly (5ms)
			ScanForSourceGeneratedMonoScriptInfo (138ms)
			ResolveRequiredComponents (33ms)
	FinalizeReload (38895ms)
		ReleaseScriptCaches (0ms)
		RebuildScriptCaches (0ms)
		SetupLoadedEditorAssemblies (3294ms)
			LogAssemblyErrors (0ms)
			InitializePlatformSupportModulesInManaged (219ms)
			SetLoadedEditorAssemblies (25ms)
			RefreshPlugins (0ms)
			BeforeProcessingInitializeOnLoad (316ms)
			ProcessInitializeOnLoadAttributes (2498ms)
			ProcessInitializeOnLoadMethodAttributes (226ms)
			AfterProcessingInitializeOnLoad (8ms)
			EditorAssembliesLoaded (2ms)
		ExecutionOrderSort2 (0ms)
		AwakeInstancesAfterBackupRestoration (26ms)
Refreshing native plugins compatible for Editor in 93.05 ms, found 3 plugins.
Preloading 0 native plugins for Editor in 0.00 ms.
Unloading 5481 Unused Serialized files (Serialized files now loaded: 0)
Unloading 29 unused Assets / (1.3 MB). Loaded Objects now: 6112.
Memory consumption went from 186.5 MB to 185.2 MB.
Total: 223.303300 ms (FindLiveObjects: 59.294500 ms CreateObjectMapping: 1.234100 ms MarkObjects: 160.560900 ms  DeleteObjects: 2.211500 ms)

Prepare: number of updated asset objects reloaded= 0
AssetImportParameters requested are different than current active one (requested -> active):
  custom:scripting/monoscript/fileName/UIVirtualTouchZone.cs: 2cf58d9131af5a78d9083ae59546d69c -> 
  custom:scripting/monoscript/fileName/Noise.cs: 2e9e44e9fa368a868187635d4de47e09 -> 
  custom:container-demuxer-ogg: 62fdf1f143b41e24485cea50d1cbac27 -> 
  custom:scripting/monoscript/fileName/LayerSettings.cs: 25e448f532accd517d15ee181fdee59f -> 
  custom:scripting/monoscript/fileName/TerrainPainterInspector.cs: 9b6ce80a19a647546dccf25ef8303ba9 -> 
  custom:scripting/monoscript/fileName/UIVirtualJoystick.cs: 940ec13d5cec07955291b086529e4dd6 -> 
  custom:video-decoder-ogg-theora: a1e56fd34408186e4bbccfd4996cb3dc -> 
  custom:framework-win-MediaFoundation: 216162199b28c13a410421893ffa2e32 -> 
  custom:scripting/monoscript/fileName/ModifierEditor.cs: bd1c546541cd7b6ecb943ab8ce2fd5a0 -> 
  custom:scripting/monoscript/fileName/Curvature.cs: 52127657f1f6195e2a74f0f77e13b6f8 -> 
  custom:CustomObjectIndexerAttribute: 72b91833f83ae208fae7752999fa3104 -> 
  custom:scripting/monoscript/fileName/Readme.cs: 5aedf578fb2663036982fb7b05aaf325 -> 
  custom:container-demuxer-webm: 4f35f7cbe854078d1ac9338744f61a02 -> 
  custom:scripting/monoscript/fileName/UIVirtualButton.cs: 4484a5293e7a4abb96c3b06b8d8dca11 -> 
  custom:scripting/monoscript/fileName/TerrainPainter.cs: 9ec617274eaf6dc714a345a200ba5a0f -> 
  custom:scripting/monoscript/fileName/HeatmapPreview.cs: b5be9e21674d851a0edf6fab846f649a -> 
  custom:scripting/monoscript/fileName/Utilities.cs: 64b1895b0de4a22156b31daddd8e7748 -> 
  custom:scripting/monoscript/fileName/MobileDisableAutoSwitchControls.cs: 6080624f52a6a8173325efe0ce361f18 -> 
  custom:container-muxer-webm: aa71ff27fc2769a1b78a27578f13a17b -> 
  custom:scripting/monoscript/fileName/ReadmeEditor.cs: ff7ced1e41c1b99ddf5dfefc88f6bd50 -> 
  custom:video-decoder-webm-vp8: 9c59270c3fd7afecdb556c50c9e8de78 -> 
  custom:scripting/monoscript/fileName/Modifier.cs: 95887978e573c577866150c0c0f3d51b -> 
  custom:SearchIndexIgnoredProperties: e643bd26f0fe6173181afceb89e7c659 -> 
  custom:AudioImporter_EditorPlatform: d09bf68614088b80899f8185d706f6e7 -> 
  custom:scripting/monoscript/fileName/UICanvasControllerInput.cs: efbd76725fe032d832a1837ce36804c3 -> 
  custom:scripting/monoscript/fileName/BasicRigidBodyPush.cs: 834b632457fae9d11b7ee6ae6006cbf8 -> 
  custom:scripting/monoscript/fileName/Slope.cs: 6c26c92f437bf6dc6af3379aa172086b -> 
  custom:scripting/monoscript/fileName/TextureMask.cs: ed3ef85069521cefaac846cd5705fd83 -> 
  custom:scripting/monoscript/fileName/ModifierStack.cs: ab30073cf41c4f7b98572c520e066cff -> 
  custom:video-encoder-webm-vp8: eb34c28f22e8b96e1ab97ce403110664 -> 
  custom:scripting/precompiled-assembly-types:sc.terrain.painter.editor: c09aa83f573b298e295b7639461ae327 -> 
  custom:audio-decoder-ogg-vorbis: bf7c407c2cedff20999df2af8eb42d56 -> 
  custom:scripting/monoscript/fileName/StarterAssetsInputs.cs: 109cc5d80cf92b9046134880b5edcf1b -> 
  custom:scripting/monoscript/fileName/Height.cs: b6f2c207cb4403587b41112316b02828 -> 
  custom:scripting/monoscript/fileName/TerrainChangeListener.cs: 007a811a94043cb3a2baecc0dae2a4ec -> 
  custom:scripting/precompiled-assembly-types:sc.terrain.painter.runtime: 775aac4dfef5fcb3808b32ce30f1eff0 -> 
  custom:audio-encoder-webm-vorbis: bf7c407c2cedff20999df2af8eb42d56 -> 
  custom:scripting/precompiled-assembly-types:Assembly-CSharp-Editor: e68142aa7ec1b83c2b0c9225ddc33ecd -> 
  custom:scripting/monoscript/fileName/ThirdPersonController.cs: a689853034d5fa0ef10dab801796c594 -> 
  custom:scripting/monoscript/fileName/Attributes.cs: e9dc9ab8918c93eb13ad748a7e675e89 -> 9d3861389974f0823e7e341aa6c23dae
  custom:scripting/precompiled-assembly-types:Assembly-CSharp: 67ba86793a37ab471baf49500185f100 -> 
  custom:scripting/monoscript/fileName/PropertyDrawers.cs: e43720427fa2839c8f300e8558fd6c14 -> 
  custom:scripting/monoscript/fileName/Direction.cs: f16dbe4760611d36f1cac453956d5466 -> 
========================================================================
Received Import Request.
  Time since last request: 285.951958 seconds.
  path: Assets/StarterAssets/Readme.asset
  artifactKey: Guid(4181bfe715a83e843b7538d750dc57cc) Importer(815301076,1909f56bfc062723c751e8b465ee728b)
Start importing Assets/StarterAssets/Readme.asset using Guid(4181bfe715a83e843b7538d750dc57cc) Importer(815301076,1909f56bfc062723c751e8b465ee728b) [PhysX] Initialized MultithreadedTaskDispatcher with 8 workers.
 -> (artifact id: 'ad14fbb6d19f028013d8a3cca722098f') in 0.340635 seconds
Number of updated asset objects reloaded before import = 0
Number of asset objects unloaded after import = 2
========================================================================
Received Import Request.
  Time since last request: 18.417996 seconds.
  path: Assets/StarterAssets/ThirdPersonController
  artifactKey: Guid(54b90d7f60b179e4e9909cd127aa060d) Importer(815301076,1909f56bfc062723c751e8b465ee728b)
Start importing Assets/StarterAssets/ThirdPersonController using Guid(54b90d7f60b179e4e9909cd127aa060d) Importer(815301076,1909f56bfc062723c751e8b465ee728b) [PhysX] Initialized MultithreadedTaskDispatcher with 8 workers.
 -> (artifact id: '567e6be5b55a20aa517b5eba32f91805') in 0.003710 seconds
Number of updated asset objects reloaded before import = 0
Number of asset objects unloaded after import = 0
========================================================================
Received Import Request.
  Time since last request: 2.640563 seconds.
  path: Assets/StarterAssets/ThirdPersonController/Character
  artifactKey: Guid(135db69c43c47ee4e97c7c6b13621056) Importer(815301076,1909f56bfc062723c751e8b465ee728b)
Start importing Assets/StarterAssets/ThirdPersonController/Character using Guid(135db69c43c47ee4e97c7c6b13621056) Importer(815301076,1909f56bfc062723c751e8b465ee728b) [PhysX] Initialized MultithreadedTaskDispatcher with 8 workers.
 -> (artifact id: '4404b03a8753863b4084d524fcc473d4') in 0.002095 seconds
Number of updated asset objects reloaded before import = 0
Number of asset objects unloaded after import = 0
========================================================================
Received Import Request.
  Time since last request: 18.242811 seconds.
  path: Assets/StarterAssets/ThirdPersonController/Prefabs
  artifactKey: Guid(84b4ab346fc32d445b7207cb1884cf42) Importer(815301076,1909f56bfc062723c751e8b465ee728b)
Start importing Assets/StarterAssets/ThirdPersonController/Prefabs using Guid(84b4ab346fc32d445b7207cb1884cf42) Importer(815301076,1909f56bfc062723c751e8b465ee728b) [PhysX] Initialized MultithreadedTaskDispatcher with 8 workers.
 -> (artifact id: 'ce6485db002556438fbb3b269f0120ee') in 0.002570 seconds
Number of updated asset objects reloaded before import = 0
Number of asset objects unloaded after import = 0
========================================================================
Received Import Request.
  Time since last request: 0.010259 seconds.
  path: Assets/StarterAssets/ThirdPersonController/Prefabs/NestedParentArmature_Unpack.prefab
  artifactKey: Guid(c708a3b79cd542b42bbfedb17e213bc1) Importer(815301076,1909f56bfc062723c751e8b465ee728b)
Start importing Assets/StarterAssets/ThirdPersonController/Prefabs/NestedParentArmature_Unpack.prefab using Guid(c708a3b79cd542b42bbfedb17e213bc1) Importer(815301076,1909f56bfc062723c751e8b465ee728b) [PhysX] Initialized MultithreadedTaskDispatcher with 8 workers.
[PhysX] Initialized MultithreadedTaskDispatcher with 8 workers.
 -> (artifact id: '291c737a14513966803392fda7820282') in 4.016302 seconds
Number of updated asset objects reloaded before import = 0
Number of asset objects unloaded after import = 563
========================================================================
Received Import Request.
  Time since last request: 0.000042 seconds.
  path: Assets/StarterAssets/ThirdPersonController/Prefabs/PlayerFollowCamera.prefab
  artifactKey: Guid(a1a802ecaf6775746bb2a929fb554ad8) Importer(815301076,1909f56bfc062723c751e8b465ee728b)
Start importing Assets/StarterAssets/ThirdPersonController/Prefabs/PlayerFollowCamera.prefab using Guid(a1a802ecaf6775746bb2a929fb554ad8) Importer(815301076,1909f56bfc062723c751e8b465ee728b) [PhysX] Initialized MultithreadedTaskDispatcher with 8 workers.
 -> (artifact id: 'e513fd5bb118e7541ee7bd6e0204e6b4') in 0.005714 seconds
Number of updated asset objects reloaded before import = 0
Number of asset objects unloaded after import = 11
========================================================================
Received Prepare
Caller must complete domain reload
Begin MonoManager ReloadAssembly
- Loaded All Assemblies, in  9.509 seconds
Native extension for WindowsStandalone target not found
Native extension for iOS target not found
Mono: successfully reloaded assembly
- Finished resetting the current domain, in 29.763 seconds
Domain Reload Profiling: 39301ms
	BeginReloadAssembly (3191ms)
		ExecutionOrderSort (0ms)
		DisableScriptedObjects (32ms)
		BackupInstance (0ms)
		ReleaseScriptingObjects (13ms)
		CreateAndSetChildDomain (1224ms)
	RebuildCommonClasses (257ms)
	RebuildNativeTypeToScriptingClass (101ms)
	initialDomainReloadingComplete (384ms)
	LoadAllAssembliesAndSetupDomain (5602ms)
		LoadAssemblies (6666ms)
		RebuildTransferFunctionScriptingTraits (0ms)
		AnalyzeDomain (324ms)
			TypeCache.Refresh (68ms)
				TypeCache.ScanAssembly (0ms)
			ScanForSourceGeneratedMonoScriptInfo (2ms)
			ResolveRequiredComponents (234ms)
	FinalizeReload (29766ms)
		ReleaseScriptCaches (0ms)
		RebuildScriptCaches (0ms)
		SetupLoadedEditorAssemblies (9860ms)
			LogAssemblyErrors (0ms)
			InitializePlatformSupportModulesInManaged (233ms)
			SetLoadedEditorAssemblies (44ms)
			RefreshPlugins (0ms)
			BeforeProcessingInitializeOnLoad (934ms)
			ProcessInitializeOnLoadAttributes (8064ms)
			ProcessInitializeOnLoadMethodAttributes (565ms)
			AfterProcessingInitializeOnLoad (17ms)
			EditorAssembliesLoaded (2ms)
		ExecutionOrderSort2 (0ms)
		AwakeInstancesAfterBackupRestoration (57ms)
Refreshing native plugins compatible for Editor in 17.58 ms, found 3 plugins.
Preloading 0 native plugins for Editor in 0.00 ms.
Unloading 5481 Unused Serialized files (Serialized files now loaded: 0)
Unloading 27 unused Assets / (1.0 MB). Loaded Objects now: 6134.
Memory consumption went from 187.1 MB to 186.1 MB.
Total: 25.850800 ms (FindLiveObjects: 1.956200 ms CreateObjectMapping: 1.185300 ms MarkObjects: 18.693900 ms  DeleteObjects: 4.011800 ms)

Prepare: number of updated asset objects reloaded= 0
AssetImportParameters requested are different than current active one (requested -> active):
  custom:scripting/monoscript/fileName/UIVirtualTouchZone.cs: 2cf58d9131af5a78d9083ae59546d69c -> 
  custom:scripting/monoscript/fileName/Noise.cs: 2e9e44e9fa368a868187635d4de47e09 -> 
  custom:container-demuxer-ogg: 62fdf1f143b41e24485cea50d1cbac27 -> 
  custom:scripting/monoscript/fileName/LayerSettings.cs: 25e448f532accd517d15ee181fdee59f -> 
  custom:scripting/monoscript/fileName/TerrainPainterInspector.cs: 9b6ce80a19a647546dccf25ef8303ba9 -> 
  custom:scripting/monoscript/fileName/UIVirtualJoystick.cs: 940ec13d5cec07955291b086529e4dd6 -> 
  custom:video-decoder-ogg-theora: a1e56fd34408186e4bbccfd4996cb3dc -> 
  custom:framework-win-MediaFoundation: 216162199b28c13a410421893ffa2e32 -> 
  custom:scripting/monoscript/fileName/ModifierEditor.cs: bd1c546541cd7b6ecb943ab8ce2fd5a0 -> 
  custom:scripting/monoscript/fileName/Curvature.cs: 52127657f1f6195e2a74f0f77e13b6f8 -> 
  custom:CustomObjectIndexerAttribute: 72b91833f83ae208fae7752999fa3104 -> 
  custom:scripting/monoscript/fileName/Readme.cs: 5aedf578fb2663036982fb7b05aaf325 -> 
  custom:container-demuxer-webm: 4f35f7cbe854078d1ac9338744f61a02 -> 
  custom:scripting/monoscript/fileName/UIVirtualButton.cs: 4484a5293e7a4abb96c3b06b8d8dca11 -> 
  custom:scripting/monoscript/fileName/TerrainPainter.cs: 9ec617274eaf6dc714a345a200ba5a0f -> 
  custom:scripting/monoscript/fileName/HeatmapPreview.cs: b5be9e21674d851a0edf6fab846f649a -> 
  custom:scripting/monoscript/fileName/Utilities.cs: 64b1895b0de4a22156b31daddd8e7748 -> 
  custom:scripting/monoscript/fileName/MobileDisableAutoSwitchControls.cs: 6080624f52a6a8173325efe0ce361f18 -> 
  custom:container-muxer-webm: aa71ff27fc2769a1b78a27578f13a17b -> 
  custom:scripting/monoscript/fileName/ReadmeEditor.cs: ff7ced1e41c1b99ddf5dfefc88f6bd50 -> 
  custom:video-decoder-webm-vp8: 9c59270c3fd7afecdb556c50c9e8de78 -> 
  custom:scripting/monoscript/fileName/Modifier.cs: 95887978e573c577866150c0c0f3d51b -> 
  custom:SearchIndexIgnoredProperties: e643bd26f0fe6173181afceb89e7c659 -> 
  custom:AudioImporter_EditorPlatform: d09bf68614088b80899f8185d706f6e7 -> 
  custom:scripting/monoscript/fileName/UICanvasControllerInput.cs: efbd76725fe032d832a1837ce36804c3 -> 
  custom:scripting/monoscript/fileName/BasicRigidBodyPush.cs: 834b632457fae9d11b7ee6ae6006cbf8 -> 
  custom:scripting/monoscript/fileName/Slope.cs: 6c26c92f437bf6dc6af3379aa172086b -> 
  custom:scripting/monoscript/fileName/TextureMask.cs: ed3ef85069521cefaac846cd5705fd83 -> 
  custom:scripting/monoscript/fileName/ModifierStack.cs: ab30073cf41c4f7b98572c520e066cff -> 
  custom:video-encoder-webm-vp8: eb34c28f22e8b96e1ab97ce403110664 -> 
  custom:scripting/precompiled-assembly-types:sc.terrain.painter.editor: c09aa83f573b298e295b7639461ae327 -> 
  custom:audio-decoder-ogg-vorbis: bf7c407c2cedff20999df2af8eb42d56 -> 
  custom:scripting/monoscript/fileName/StarterAssetsInputs.cs: 109cc5d80cf92b9046134880b5edcf1b -> 
  custom:scripting/monoscript/fileName/Height.cs: b6f2c207cb4403587b41112316b02828 -> 
  custom:scripting/monoscript/fileName/TerrainChangeListener.cs: 007a811a94043cb3a2baecc0dae2a4ec -> 
  custom:scripting/precompiled-assembly-types:sc.terrain.painter.runtime: 775aac4dfef5fcb3808b32ce30f1eff0 -> 
  custom:audio-encoder-webm-vorbis: bf7c407c2cedff20999df2af8eb42d56 -> 
  custom:scripting/precompiled-assembly-types:Assembly-CSharp-Editor: e68142aa7ec1b83c2b0c9225ddc33ecd -> 
  custom:scripting/monoscript/fileName/ThirdPersonController.cs: a689853034d5fa0ef10dab801796c594 -> 
  custom:scripting/monoscript/fileName/Attributes.cs: e9dc9ab8918c93eb13ad748a7e675e89 -> 9d3861389974f0823e7e341aa6c23dae
  custom:scripting/precompiled-assembly-types:Assembly-CSharp: 67ba86793a37ab471baf49500185f100 -> 
  custom:scripting/monoscript/fileName/PropertyDrawers.cs: e43720427fa2839c8f300e8558fd6c14 -> 
  custom:scripting/monoscript/fileName/Direction.cs: f16dbe4760611d36f1cac453956d5466 -> 
========================================================================
Received Prepare
Caller must complete domain reload
Begin MonoManager ReloadAssembly
- Loaded All Assemblies, in  2.447 seconds
Native extension for WindowsStandalone target not found
Native extension for iOS target not found
Mono: successfully reloaded assembly
- Finished resetting the current domain, in 11.311 seconds
Domain Reload Profiling: 13759ms
	BeginReloadAssembly (848ms)
		ExecutionOrderSort (0ms)
		DisableScriptedObjects (27ms)
		BackupInstance (0ms)
		ReleaseScriptingObjects (0ms)
		CreateAndSetChildDomain (198ms)
	RebuildCommonClasses (199ms)
	RebuildNativeTypeToScriptingClass (59ms)
	initialDomainReloadingComplete (131ms)
	LoadAllAssembliesAndSetupDomain (1209ms)
		LoadAssemblies (1569ms)
		RebuildTransferFunctionScriptingTraits (0ms)
		AnalyzeDomain (138ms)
			TypeCache.Refresh (40ms)
				TypeCache.ScanAssembly (0ms)
			ScanForSourceGeneratedMonoScriptInfo (1ms)
			ResolveRequiredComponents (86ms)
	FinalizeReload (11314ms)
		ReleaseScriptCaches (0ms)
		RebuildScriptCaches (0ms)
		SetupLoadedEditorAssemblies (6526ms)
			LogAssemblyErrors (0ms)
			InitializePlatformSupportModulesInManaged (178ms)
			SetLoadedEditorAssemblies (32ms)
			RefreshPlugins (0ms)
			BeforeProcessingInitializeOnLoad (735ms)
			ProcessInitializeOnLoadAttributes (5272ms)
			ProcessInitializeOnLoadMethodAttributes (277ms)
			AfterProcessingInitializeOnLoad (29ms)
			EditorAssembliesLoaded (4ms)
		ExecutionOrderSort2 (0ms)
		AwakeInstancesAfterBackupRestoration (49ms)
Refreshing native plugins compatible for Editor in 21.31 ms, found 3 plugins.
Preloading 0 native plugins for Editor in 0.00 ms.
Unloading 5481 Unused Serialized files (Serialized files now loaded: 0)
Unloading 27 unused Assets / (0.9 MB). Loaded Objects now: 6149.
Memory consumption went from 187.1 MB to 186.1 MB.
Total: 17.543300 ms (FindLiveObjects: 1.173500 ms CreateObjectMapping: 0.723700 ms MarkObjects: 14.388700 ms  DeleteObjects: 1.251900 ms)

Prepare: number of updated asset objects reloaded= 0
AssetImportParameters requested are different than current active one (requested -> active):
  custom:scripting/monoscript/fileName/UIVirtualTouchZone.cs: 2cf58d9131af5a78d9083ae59546d69c -> 
  custom:scripting/monoscript/fileName/Noise.cs: 2e9e44e9fa368a868187635d4de47e09 -> 
  custom:container-demuxer-ogg: 62fdf1f143b41e24485cea50d1cbac27 -> 
  custom:scripting/monoscript/fileName/LayerSettings.cs: 25e448f532accd517d15ee181fdee59f -> 
  custom:scripting/monoscript/fileName/TerrainPainterInspector.cs: 9b6ce80a19a647546dccf25ef8303ba9 -> 
  custom:scripting/monoscript/fileName/UIVirtualJoystick.cs: 940ec13d5cec07955291b086529e4dd6 -> 
  custom:video-decoder-ogg-theora: a1e56fd34408186e4bbccfd4996cb3dc -> 
  custom:framework-win-MediaFoundation: 216162199b28c13a410421893ffa2e32 -> 
  custom:scripting/monoscript/fileName/ModifierEditor.cs: bd1c546541cd7b6ecb943ab8ce2fd5a0 -> 
  custom:scripting/monoscript/fileName/Curvature.cs: 52127657f1f6195e2a74f0f77e13b6f8 -> 
  custom:CustomObjectIndexerAttribute: 72b91833f83ae208fae7752999fa3104 -> 
  custom:scripting/monoscript/fileName/Readme.cs: 5aedf578fb2663036982fb7b05aaf325 -> 
  custom:container-demuxer-webm: 4f35f7cbe854078d1ac9338744f61a02 -> 
  custom:scripting/monoscript/fileName/UIVirtualButton.cs: 4484a5293e7a4abb96c3b06b8d8dca11 -> 
  custom:scripting/monoscript/fileName/TerrainPainter.cs: 9ec617274eaf6dc714a345a200ba5a0f -> 
  custom:scripting/monoscript/fileName/HeatmapPreview.cs: b5be9e21674d851a0edf6fab846f649a -> 
  custom:scripting/monoscript/fileName/Utilities.cs: 64b1895b0de4a22156b31daddd8e7748 -> 
  custom:scripting/monoscript/fileName/MobileDisableAutoSwitchControls.cs: 6080624f52a6a8173325efe0ce361f18 -> 
  custom:container-muxer-webm: aa71ff27fc2769a1b78a27578f13a17b -> 
  custom:scripting/monoscript/fileName/ReadmeEditor.cs: ff7ced1e41c1b99ddf5dfefc88f6bd50 -> 
  custom:video-decoder-webm-vp8: 9c59270c3fd7afecdb556c50c9e8de78 -> 
  custom:scripting/monoscript/fileName/Modifier.cs: 95887978e573c577866150c0c0f3d51b -> 
  custom:SearchIndexIgnoredProperties: e643bd26f0fe6173181afceb89e7c659 -> 
  custom:AudioImporter_EditorPlatform: d09bf68614088b80899f8185d706f6e7 -> 
  custom:scripting/monoscript/fileName/UICanvasControllerInput.cs: efbd76725fe032d832a1837ce36804c3 -> 
  custom:scripting/monoscript/fileName/BasicRigidBodyPush.cs: 834b632457fae9d11b7ee6ae6006cbf8 -> 
  custom:scripting/monoscript/fileName/Slope.cs: 6c26c92f437bf6dc6af3379aa172086b -> 
  custom:scripting/monoscript/fileName/TextureMask.cs: ed3ef85069521cefaac846cd5705fd83 -> 
  custom:scripting/monoscript/fileName/ModifierStack.cs: ab30073cf41c4f7b98572c520e066cff -> 
  custom:video-encoder-webm-vp8: eb34c28f22e8b96e1ab97ce403110664 -> 
  custom:scripting/precompiled-assembly-types:sc.terrain.painter.editor: c09aa83f573b298e295b7639461ae327 -> 
  custom:audio-decoder-ogg-vorbis: bf7c407c2cedff20999df2af8eb42d56 -> 
  custom:scripting/monoscript/fileName/StarterAssetsInputs.cs: 109cc5d80cf92b9046134880b5edcf1b -> 
  custom:scripting/monoscript/fileName/Height.cs: b6f2c207cb4403587b41112316b02828 -> 
  custom:scripting/monoscript/fileName/TerrainChangeListener.cs: 007a811a94043cb3a2baecc0dae2a4ec -> 
  custom:scripting/precompiled-assembly-types:sc.terrain.painter.runtime: 775aac4dfef5fcb3808b32ce30f1eff0 -> 
  custom:audio-encoder-webm-vorbis: bf7c407c2cedff20999df2af8eb42d56 -> 
  custom:scripting/precompiled-assembly-types:Assembly-CSharp-Editor: e68142aa7ec1b83c2b0c9225ddc33ecd -> 
  custom:scripting/monoscript/fileName/ThirdPersonController.cs: a689853034d5fa0ef10dab801796c594 -> 
  custom:scripting/monoscript/fileName/Attributes.cs: e9dc9ab8918c93eb13ad748a7e675e89 -> 9d3861389974f0823e7e341aa6c23dae
  custom:scripting/precompiled-assembly-types:Assembly-CSharp: 67ba86793a37ab471baf49500185f100 -> 
  custom:scripting/monoscript/fileName/PropertyDrawers.cs: e43720427fa2839c8f300e8558fd6c14 -> 
  custom:scripting/monoscript/fileName/Direction.cs: f16dbe4760611d36f1cac453956d5466 -> 
========================================================================
Received Prepare
Caller must complete domain reload
Begin MonoManager ReloadAssembly
- Loaded All Assemblies, in  1.937 seconds
Native extension for WindowsStandalone target not found
Native extension for iOS target not found
Mono: successfully reloaded assembly
- Finished resetting the current domain, in 24.614 seconds
Domain Reload Profiling: 26553ms
	BeginReloadAssembly (306ms)
		ExecutionOrderSort (0ms)
		DisableScriptedObjects (9ms)
		BackupInstance (0ms)
		ReleaseScriptingObjects (0ms)
		CreateAndSetChildDomain (103ms)
	RebuildCommonClasses (54ms)
	RebuildNativeTypeToScriptingClass (12ms)
	initialDomainReloadingComplete (42ms)
	LoadAllAssembliesAndSetupDomain (1524ms)
		LoadAssemblies (1620ms)
		RebuildTransferFunctionScriptingTraits (0ms)
		AnalyzeDomain (47ms)
			TypeCache.Refresh (18ms)
				TypeCache.ScanAssembly (0ms)
			ScanForSourceGeneratedMonoScriptInfo (0ms)
			ResolveRequiredComponents (25ms)
	FinalizeReload (24615ms)
		ReleaseScriptCaches (0ms)
		RebuildScriptCaches (0ms)
		SetupLoadedEditorAssemblies (1518ms)
			LogAssemblyErrors (0ms)
			InitializePlatformSupportModulesInManaged (82ms)
			SetLoadedEditorAssemblies (9ms)
			RefreshPlugins (0ms)
			BeforeProcessingInitializeOnLoad (163ms)
			ProcessInitializeOnLoadAttributes (1153ms)
			ProcessInitializeOnLoadMethodAttributes (106ms)
			AfterProcessingInitializeOnLoad (4ms)
			EditorAssembliesLoaded (1ms)
		ExecutionOrderSort2 (0ms)
		AwakeInstancesAfterBackupRestoration (13ms)
Refreshing native plugins compatible for Editor in 163.61 ms, found 3 plugins.
Preloading 0 native plugins for Editor in 0.00 ms.
Unloading 5481 Unused Serialized files (Serialized files now loaded: 0)
Unloading 27 unused Assets / (0.9 MB). Loaded Objects now: 6164.
Memory consumption went from 187.1 MB to 186.2 MB.
Total: 170.314900 ms (FindLiveObjects: 37.390600 ms CreateObjectMapping: 0.386700 ms MarkObjects: 123.601900 ms  DeleteObjects: 8.932700 ms)

Prepare: number of updated asset objects reloaded= 0
AssetImportParameters requested are different than current active one (requested -> active):
  custom:scripting/monoscript/fileName/UIVirtualTouchZone.cs: 2cf58d9131af5a78d9083ae59546d69c -> 
  custom:scripting/monoscript/fileName/Noise.cs: 2e9e44e9fa368a868187635d4de47e09 -> 
  custom:container-demuxer-ogg: 62fdf1f143b41e24485cea50d1cbac27 -> 
  custom:scripting/monoscript/fileName/LayerSettings.cs: 25e448f532accd517d15ee181fdee59f -> 
  custom:scripting/monoscript/fileName/TerrainPainterInspector.cs: 9b6ce80a19a647546dccf25ef8303ba9 -> 
  custom:scripting/monoscript/fileName/UIVirtualJoystick.cs: 940ec13d5cec07955291b086529e4dd6 -> 
  custom:video-decoder-ogg-theora: a1e56fd34408186e4bbccfd4996cb3dc -> 
  custom:framework-win-MediaFoundation: 216162199b28c13a410421893ffa2e32 -> 
  custom:scripting/monoscript/fileName/ModifierEditor.cs: bd1c546541cd7b6ecb943ab8ce2fd5a0 -> 
  custom:scripting/monoscript/fileName/Curvature.cs: 52127657f1f6195e2a74f0f77e13b6f8 -> 
  custom:CustomObjectIndexerAttribute: 72b91833f83ae208fae7752999fa3104 -> 
  custom:scripting/monoscript/fileName/Readme.cs: 5aedf578fb2663036982fb7b05aaf325 -> 
  custom:container-demuxer-webm: 4f35f7cbe854078d1ac9338744f61a02 -> 
  custom:scripting/monoscript/fileName/UIVirtualButton.cs: 4484a5293e7a4abb96c3b06b8d8dca11 -> 
  custom:scripting/monoscript/fileName/TerrainPainter.cs: 9ec617274eaf6dc714a345a200ba5a0f -> 
  custom:scripting/monoscript/fileName/HeatmapPreview.cs: b5be9e21674d851a0edf6fab846f649a -> 
  custom:scripting/monoscript/fileName/Utilities.cs: 64b1895b0de4a22156b31daddd8e7748 -> 
  custom:scripting/monoscript/fileName/MobileDisableAutoSwitchControls.cs: 6080624f52a6a8173325efe0ce361f18 -> 
  custom:container-muxer-webm: aa71ff27fc2769a1b78a27578f13a17b -> 
  custom:scripting/monoscript/fileName/ReadmeEditor.cs: ff7ced1e41c1b99ddf5dfefc88f6bd50 -> 
  custom:video-decoder-webm-vp8: 9c59270c3fd7afecdb556c50c9e8de78 -> 
  custom:scripting/monoscript/fileName/Modifier.cs: 95887978e573c577866150c0c0f3d51b -> 
  custom:SearchIndexIgnoredProperties: e643bd26f0fe6173181afceb89e7c659 -> 
  custom:AudioImporter_EditorPlatform: d09bf68614088b80899f8185d706f6e7 -> 
  custom:scripting/monoscript/fileName/UICanvasControllerInput.cs: efbd76725fe032d832a1837ce36804c3 -> 
  custom:scripting/monoscript/fileName/BasicRigidBodyPush.cs: 834b632457fae9d11b7ee6ae6006cbf8 -> 
  custom:scripting/monoscript/fileName/Slope.cs: 6c26c92f437bf6dc6af3379aa172086b -> 
  custom:scripting/monoscript/fileName/TextureMask.cs: ed3ef85069521cefaac846cd5705fd83 -> 
  custom:scripting/monoscript/fileName/ModifierStack.cs: ab30073cf41c4f7b98572c520e066cff -> 
  custom:video-encoder-webm-vp8: eb34c28f22e8b96e1ab97ce403110664 -> 
  custom:scripting/precompiled-assembly-types:sc.terrain.painter.editor: c09aa83f573b298e295b7639461ae327 -> 
  custom:audio-decoder-ogg-vorbis: bf7c407c2cedff20999df2af8eb42d56 -> 
  custom:scripting/monoscript/fileName/StarterAssetsInputs.cs: 109cc5d80cf92b9046134880b5edcf1b -> 
  custom:scripting/monoscript/fileName/Height.cs: b6f2c207cb4403587b41112316b02828 -> 
  custom:scripting/monoscript/fileName/TerrainChangeListener.cs: 007a811a94043cb3a2baecc0dae2a4ec -> 
  custom:scripting/precompiled-assembly-types:sc.terrain.painter.runtime: 775aac4dfef5fcb3808b32ce30f1eff0 -> 
  custom:audio-encoder-webm-vorbis: bf7c407c2cedff20999df2af8eb42d56 -> 
  custom:scripting/precompiled-assembly-types:Assembly-CSharp-Editor: e68142aa7ec1b83c2b0c9225ddc33ecd -> 
  custom:scripting/monoscript/fileName/ThirdPersonController.cs: a689853034d5fa0ef10dab801796c594 -> 
  custom:scripting/monoscript/fileName/Attributes.cs: e9dc9ab8918c93eb13ad748a7e675e89 -> 9d3861389974f0823e7e341aa6c23dae
  custom:scripting/precompiled-assembly-types:Assembly-CSharp: 67ba86793a37ab471baf49500185f100 -> 
  custom:scripting/monoscript/fileName/PropertyDrawers.cs: e43720427fa2839c8f300e8558fd6c14 -> 
  custom:scripting/monoscript/fileName/Direction.cs: f16dbe4760611d36f1cac453956d5466 -> 
