Using pre-set license
Built from '2022.3/staging' branch; Version is '2022.3.60f1 (5f63fdee6d95) revision 6251517'; Using compiler version '192829333'; Build Type 'Release'
OS: 'Windows 11  (10.0.26100) 64bit CoreSingleLanguage' Language: 'en' Physical Memory: 7914 MB
BatchMode: 1, IsHumanControllingUs: 0, StartBugReporterOnCrash: 0, Is64bit: 1, IsPro: 1

COMMAND LINE ARGUMENTS:
F:\Unity\Unity\2022.3.60f1\Editor\Unity.exe
-adb2
-batchMode
-noUpm
-name
AssetImportWorker1
-projectPath
E:/unity VR/class4
-logFile
Logs/AssetImportWorker1.log
-srvPort
59778
Successfully changed project path to: E:/unity VR/class4
E:/unity VR/class4
[UnityMemory] Configuration Parameters - Can be set up in boot.config
    "memorysetup-bucket-allocator-granularity=16"
    "memorysetup-bucket-allocator-bucket-count=8"
    "memorysetup-bucket-allocator-block-size=33554432"
    "memorysetup-bucket-allocator-block-count=8"
    "memorysetup-main-allocator-block-size=16777216"
    "memorysetup-thread-allocator-block-size=16777216"
    "memorysetup-gfx-main-allocator-block-size=16777216"
    "memorysetup-gfx-thread-allocator-block-size=16777216"
    "memorysetup-cache-allocator-block-size=4194304"
    "memorysetup-typetree-allocator-block-size=2097152"
    "memorysetup-profiler-bucket-allocator-granularity=16"
    "memorysetup-profiler-bucket-allocator-bucket-count=8"
    "memorysetup-profiler-bucket-allocator-block-size=33554432"
    "memorysetup-profiler-bucket-allocator-block-count=8"
    "memorysetup-profiler-allocator-block-size=16777216"
    "memorysetup-profiler-editor-allocator-block-size=1048576"
    "memorysetup-temp-allocator-size-main=16777216"
    "memorysetup-job-temp-allocator-block-size=2097152"
    "memorysetup-job-temp-allocator-block-size-background=1048576"
    "memorysetup-job-temp-allocator-reduction-small-platforms=262144"
    "memorysetup-allocator-temp-initial-block-size-main=262144"
    "memorysetup-allocator-temp-initial-block-size-worker=262144"
    "memorysetup-temp-allocator-size-background-worker=32768"
    "memorysetup-temp-allocator-size-job-worker=262144"
    "memorysetup-temp-allocator-size-preload-manager=33554432"
    "memorysetup-temp-allocator-size-nav-mesh-worker=65536"
    "memorysetup-temp-allocator-size-audio-worker=65536"
    "memorysetup-temp-allocator-size-cloud-worker=32768"
    "memorysetup-temp-allocator-size-gi-baking-worker=262144"
    "memorysetup-temp-allocator-size-gfx=262144"
Player connection [21256]  Target information:

Player connection [21256]  * "[IP] 172.17.113.28 [Port] 0 [Flags] 2 [Guid] 3101484631 [EditorId] 3101484631 [Version] 1048832 [Id] WindowsEditor(7,DESKTOP-P4ONB2A) [Debug] 1 [PackageName] WindowsEditor [ProjectName] Editor" 

Player connection [21256] Host joined multi-casting on [225.0.0.222:54997]...
Player connection [21256] Host joined alternative multi-casting on [225.0.0.222:34997]...
Input System module state changed to: Initialized.
[PhysX] Initialized MultithreadedTaskDispatcher with 8 workers.
Refreshing native plugins compatible for Editor in 564.91 ms, found 3 plugins.
Preloading 0 native plugins for Editor in 0.00 ms.
Initialize engine version: 2022.3.60f1 (5f63fdee6d95)
[Subsystems] Discovering subsystems at path F:/Unity/Unity/2022.3.60f1/Editor/Data/Resources/UnitySubsystems
[Subsystems] Discovering subsystems at path E:/unity VR/class4/Assets
GfxDevice: creating device client; threaded=0; jobified=0
Direct3D:
    Version:  Direct3D 11.0 [level 11.1]
    Renderer: NVIDIA GeForce MX330 (ID=0x1d16)
    Vendor:   NVIDIA
    VRAM:     1968 MB
    Driver:   32.0.15.6641
Initialize mono
Mono path[0] = 'F:/Unity/Unity/2022.3.60f1/Editor/Data/Managed'
Mono path[1] = 'F:/Unity/Unity/2022.3.60f1/Editor/Data/MonoBleedingEdge/lib/mono/unityjit-win32'
Mono config path = 'F:/Unity/Unity/2022.3.60f1/Editor/Data/MonoBleedingEdge/etc'
Using monoOptions --debugger-agent=transport=dt_socket,embedding=1,server=y,suspend=n,address=127.0.0.1:56724
Begin MonoManager ReloadAssembly
Registering precompiled unity dll's ...
Register platform support module: F:/Unity/Unity/2022.3.60f1/Editor/Data/PlaybackEngines/iOSSupport/UnityEditor.iOS.Extensions.dll
Register platform support module: F:/Unity/Unity/2022.3.60f1/Editor/Data/PlaybackEngines/WindowsStandaloneSupport/UnityEditor.WindowsStandalone.Extensions.dll
Registered in 0.066159 seconds.
- Loaded All Assemblies, in  3.167 seconds
Native extension for WindowsStandalone target not found
Native extension for iOS target not found
Mono: successfully reloaded assembly
- Finished resetting the current domain, in  1.451 seconds
Domain Reload Profiling: 4617ms
	BeginReloadAssembly (1707ms)
		ExecutionOrderSort (0ms)
		DisableScriptedObjects (0ms)
		BackupInstance (0ms)
		ReleaseScriptingObjects (0ms)
		CreateAndSetChildDomain (55ms)
	RebuildCommonClasses (192ms)
	RebuildNativeTypeToScriptingClass (38ms)
	initialDomainReloadingComplete (244ms)
	LoadAllAssembliesAndSetupDomain (984ms)
		LoadAssemblies (1660ms)
		RebuildTransferFunctionScriptingTraits (0ms)
		AnalyzeDomain (935ms)
			TypeCache.Refresh (929ms)
				TypeCache.ScanAssembly (674ms)
			ScanForSourceGeneratedMonoScriptInfo (2ms)
			ResolveRequiredComponents (1ms)
	FinalizeReload (1452ms)
		ReleaseScriptCaches (0ms)
		RebuildScriptCaches (0ms)
		SetupLoadedEditorAssemblies (1213ms)
			LogAssemblyErrors (0ms)
			InitializePlatformSupportModulesInManaged (201ms)
			SetLoadedEditorAssemblies (33ms)
			RefreshPlugins (0ms)
			BeforeProcessingInitializeOnLoad (10ms)
			ProcessInitializeOnLoadAttributes (718ms)
			ProcessInitializeOnLoadMethodAttributes (235ms)
			AfterProcessingInitializeOnLoad (0ms)
			EditorAssembliesLoaded (16ms)
		ExecutionOrderSort2 (0ms)
		AwakeInstancesAfterBackupRestoration (0ms)
========================================================================
Worker process is ready to serve import requests
Caller must complete domain reload
Begin MonoManager ReloadAssembly
- Loaded All Assemblies, in  5.849 seconds
Native extension for WindowsStandalone target not found
Native extension for iOS target not found
Mono: successfully reloaded assembly
- Finished resetting the current domain, in  2.355 seconds
Domain Reload Profiling: 8227ms
	BeginReloadAssembly (623ms)
		ExecutionOrderSort (0ms)
		DisableScriptedObjects (11ms)
		BackupInstance (0ms)
		ReleaseScriptingObjects (1ms)
		CreateAndSetChildDomain (98ms)
	RebuildCommonClasses (64ms)
	RebuildNativeTypeToScriptingClass (21ms)
	initialDomainReloadingComplete (120ms)
	LoadAllAssembliesAndSetupDomain (5043ms)
		LoadAssemblies (3234ms)
		RebuildTransferFunctionScriptingTraits (0ms)
		AnalyzeDomain (2019ms)
			TypeCache.Refresh (1655ms)
				TypeCache.ScanAssembly (841ms)
			ScanForSourceGeneratedMonoScriptInfo (251ms)
			ResolveRequiredComponents (106ms)
	FinalizeReload (2356ms)
		ReleaseScriptCaches (0ms)
		RebuildScriptCaches (0ms)
		SetupLoadedEditorAssemblies (2011ms)
			LogAssemblyErrors (0ms)
			InitializePlatformSupportModulesInManaged (31ms)
			SetLoadedEditorAssemblies (9ms)
			RefreshPlugins (0ms)
			BeforeProcessingInitializeOnLoad (110ms)
			ProcessInitializeOnLoadAttributes (1694ms)
			ProcessInitializeOnLoadMethodAttributes (162ms)
			AfterProcessingInitializeOnLoad (4ms)
			EditorAssembliesLoaded (1ms)
		ExecutionOrderSort2 (0ms)
		AwakeInstancesAfterBackupRestoration (11ms)
Launched and connected shader compiler UnityShaderCompiler.exe after 0.97 seconds
Refreshing native plugins compatible for Editor in 45.71 ms, found 3 plugins.
Preloading 0 native plugins for Editor in 0.00 ms.
Unloading 5537 Unused Serialized files (Serialized files now loaded: 0)
Unloading 44 unused Assets / (0.8 MB). Loaded Objects now: 5995.
Memory consumption went from 199.5 MB to 198.7 MB.
Total: 9.894600 ms (FindLiveObjects: 0.833600 ms CreateObjectMapping: 0.761600 ms MarkObjects: 7.742700 ms  DeleteObjects: 0.552900 ms)

AssetImportParameters requested are different than current active one (requested -> active):
  custom:container-demuxer-ogg: 62fdf1f143b41e24485cea50d1cbac27 -> 
  custom:video-decoder-ogg-theora: a1e56fd34408186e4bbccfd4996cb3dc -> 
  custom:framework-win-MediaFoundation: 216162199b28c13a410421893ffa2e32 -> 
  custom:CustomObjectIndexerAttribute: 72b91833f83ae208fae7752999fa3104 -> 
  custom:container-demuxer-webm: 4f35f7cbe854078d1ac9338744f61a02 -> 
  custom:container-muxer-webm: aa71ff27fc2769a1b78a27578f13a17b -> 
  custom:video-decoder-webm-vp8: 9c59270c3fd7afecdb556c50c9e8de78 -> 
  custom:SearchIndexIgnoredProperties: e643bd26f0fe6173181afceb89e7c659 -> 
  custom:AudioImporter_EditorPlatform: d09bf68614088b80899f8185d706f6e7 -> 
  custom:video-encoder-webm-vp8: eb34c28f22e8b96e1ab97ce403110664 -> 
  custom:audio-decoder-ogg-vorbis: bf7c407c2cedff20999df2af8eb42d56 -> 
  custom:audio-encoder-webm-vorbis: bf7c407c2cedff20999df2af8eb42d56 -> 
========================================================================
Received Prepare
Caller must complete domain reload
Begin MonoManager ReloadAssembly
- Loaded All Assemblies, in  3.420 seconds
Native extension for WindowsStandalone target not found
Native extension for iOS target not found
Mono: successfully reloaded assembly
- Finished resetting the current domain, in 17.962 seconds
Domain Reload Profiling: 21383ms
	BeginReloadAssembly (392ms)
		ExecutionOrderSort (0ms)
		DisableScriptedObjects (17ms)
		BackupInstance (0ms)
		ReleaseScriptingObjects (1ms)
		CreateAndSetChildDomain (157ms)
	RebuildCommonClasses (58ms)
	RebuildNativeTypeToScriptingClass (19ms)
	initialDomainReloadingComplete (54ms)
	LoadAllAssembliesAndSetupDomain (2897ms)
		LoadAssemblies (2849ms)
		RebuildTransferFunctionScriptingTraits (0ms)
		AnalyzeDomain (174ms)
			TypeCache.Refresh (65ms)
				TypeCache.ScanAssembly (3ms)
			ScanForSourceGeneratedMonoScriptInfo (76ms)
			ResolveRequiredComponents (29ms)
	FinalizeReload (17963ms)
		ReleaseScriptCaches (0ms)
		RebuildScriptCaches (0ms)
		SetupLoadedEditorAssemblies (1341ms)
			LogAssemblyErrors (0ms)
			InitializePlatformSupportModulesInManaged (62ms)
			SetLoadedEditorAssemblies (12ms)
			RefreshPlugins (0ms)
			BeforeProcessingInitializeOnLoad (145ms)
			ProcessInitializeOnLoadAttributes (983ms)
			ProcessInitializeOnLoadMethodAttributes (134ms)
			AfterProcessingInitializeOnLoad (4ms)
			EditorAssembliesLoaded (1ms)
		ExecutionOrderSort2 (0ms)
		AwakeInstancesAfterBackupRestoration (14ms)
Refreshing native plugins compatible for Editor in 7.72 ms, found 3 plugins.
Preloading 0 native plugins for Editor in 0.00 ms.
Unloading 5471 Unused Serialized files (Serialized files now loaded: 0)
Unloading 27 unused Assets / (0.9 MB). Loaded Objects now: 6027.
Memory consumption went from 181.4 MB to 180.4 MB.
Total: 43.086300 ms (FindLiveObjects: 0.739500 ms CreateObjectMapping: 0.552300 ms MarkObjects: 40.547600 ms  DeleteObjects: 1.243500 ms)

Prepare: number of updated asset objects reloaded= 0
AssetImportParameters requested are different than current active one (requested -> active):
  custom:scripting/monoscript/fileName/Noise.cs: 2e9e44e9fa368a868187635d4de47e09 -> 
  custom:container-demuxer-ogg: 62fdf1f143b41e24485cea50d1cbac27 -> 
  custom:scripting/monoscript/fileName/LayerSettings.cs: 25e448f532accd517d15ee181fdee59f -> 
  custom:scripting/monoscript/fileName/TerrainPainterInspector.cs: 9b6ce80a19a647546dccf25ef8303ba9 -> 
  custom:video-decoder-ogg-theora: a1e56fd34408186e4bbccfd4996cb3dc -> 
  custom:framework-win-MediaFoundation: 216162199b28c13a410421893ffa2e32 -> 
  custom:scripting/monoscript/fileName/ModifierEditor.cs: bd1c546541cd7b6ecb943ab8ce2fd5a0 -> 
  custom:scripting/monoscript/fileName/Curvature.cs: 52127657f1f6195e2a74f0f77e13b6f8 -> 
  custom:CustomObjectIndexerAttribute: 72b91833f83ae208fae7752999fa3104 -> 
  custom:container-demuxer-webm: 4f35f7cbe854078d1ac9338744f61a02 -> 
  custom:scripting/monoscript/fileName/TerrainPainter.cs: 9ec617274eaf6dc714a345a200ba5a0f -> 
  custom:scripting/monoscript/fileName/HeatmapPreview.cs: b5be9e21674d851a0edf6fab846f649a -> 
  custom:scripting/monoscript/fileName/Utilities.cs: 64b1895b0de4a22156b31daddd8e7748 -> 
  custom:container-muxer-webm: aa71ff27fc2769a1b78a27578f13a17b -> 
  custom:video-decoder-webm-vp8: 9c59270c3fd7afecdb556c50c9e8de78 -> 
  custom:scripting/monoscript/fileName/Modifier.cs: 95887978e573c577866150c0c0f3d51b -> 
  custom:SearchIndexIgnoredProperties: e643bd26f0fe6173181afceb89e7c659 -> 
  custom:AudioImporter_EditorPlatform: d09bf68614088b80899f8185d706f6e7 -> 
  custom:scripting/monoscript/fileName/Slope.cs: 6c26c92f437bf6dc6af3379aa172086b -> 
  custom:scripting/monoscript/fileName/TextureMask.cs: ed3ef85069521cefaac846cd5705fd83 -> 
  custom:scripting/monoscript/fileName/ModifierStack.cs: ab30073cf41c4f7b98572c520e066cff -> 
  custom:video-encoder-webm-vp8: eb34c28f22e8b96e1ab97ce403110664 -> 
  custom:scripting/precompiled-assembly-types:sc.terrain.painter.editor: c09aa83f573b298e295b7639461ae327 -> 
  custom:audio-decoder-ogg-vorbis: bf7c407c2cedff20999df2af8eb42d56 -> 
  custom:scripting/monoscript/fileName/Height.cs: b6f2c207cb4403587b41112316b02828 -> 
  custom:scripting/monoscript/fileName/TerrainChangeListener.cs: 007a811a94043cb3a2baecc0dae2a4ec -> 
  custom:scripting/precompiled-assembly-types:sc.terrain.painter.runtime: 775aac4dfef5fcb3808b32ce30f1eff0 -> 
  custom:audio-encoder-webm-vorbis: bf7c407c2cedff20999df2af8eb42d56 -> 
  custom:scripting/monoscript/fileName/Attributes.cs: e9dc9ab8918c93eb13ad748a7e675e89 -> 9d3861389974f0823e7e341aa6c23dae
  custom:scripting/monoscript/fileName/PropertyDrawers.cs: e43720427fa2839c8f300e8558fd6c14 -> 
  custom:scripting/monoscript/fileName/Direction.cs: f16dbe4760611d36f1cac453956d5466 -> 
========================================================================
Received Import Request.
  Time since last request: 642183.460798 seconds.
  path: Assets/ProceduralTerrainPainter/_Demo/Textures/Gravel_020_Normals.png
  artifactKey: Guid(7ec5f51d29b74cb488abb7979cf79b2c) Importer(815301076,1909f56bfc062723c751e8b465ee728b)
Start importing Assets/ProceduralTerrainPainter/_Demo/Textures/Gravel_020_Normals.png using Guid(7ec5f51d29b74cb488abb7979cf79b2c) Importer(815301076,1909f56bfc062723c751e8b465ee728b) [PhysX] Initialized MultithreadedTaskDispatcher with 8 workers.
[PhysX] Initialized MultithreadedTaskDispatcher with 8 workers.
 -> (artifact id: '86a59ff95747b76f0d96c87b79efa763') in 0.510966 seconds
Number of updated asset objects reloaded before import = 0
Number of asset objects unloaded after import = 2
========================================================================
Received Import Request.
  Time since last request: 0.000039 seconds.
  path: Assets/ProceduralTerrainPainter/_Demo/Textures/Sand_034_Normals.png
  artifactKey: Guid(a89790c8eca6fc54db66b07dd4dc3ddb) Importer(815301076,1909f56bfc062723c751e8b465ee728b)
Start importing Assets/ProceduralTerrainPainter/_Demo/Textures/Sand_034_Normals.png using Guid(a89790c8eca6fc54db66b07dd4dc3ddb) Importer(815301076,1909f56bfc062723c751e8b465ee728b) [PhysX] Initialized MultithreadedTaskDispatcher with 8 workers.
[PhysX] Initialized MultithreadedTaskDispatcher with 8 workers.
 -> (artifact id: 'e2a827f32b0b54c9abedce29bedd34af') in 0.040510 seconds
Number of updated asset objects reloaded before import = 0
Number of asset objects unloaded after import = 2
========================================================================
Received Import Request.
  Time since last request: 0.000030 seconds.
  path: Assets/ProceduralTerrainPainter/_Demo/Textures/Ground_037_Albedo.png
  artifactKey: Guid(fbba21ba6c1f94445b5fc5ec8761416d) Importer(815301076,1909f56bfc062723c751e8b465ee728b)
Start importing Assets/ProceduralTerrainPainter/_Demo/Textures/Ground_037_Albedo.png using Guid(fbba21ba6c1f94445b5fc5ec8761416d) Importer(815301076,1909f56bfc062723c751e8b465ee728b) [PhysX] Initialized MultithreadedTaskDispatcher with 8 workers.
[PhysX] Initialized MultithreadedTaskDispatcher with 8 workers.
 -> (artifact id: 'df8098f556c146890d68960d13b37795') in 0.054240 seconds
Number of updated asset objects reloaded before import = 0
Number of asset objects unloaded after import = 2
========================================================================
Received Import Request.
  Time since last request: 0.000021 seconds.
  path: Assets/ProceduralTerrainPainter/_Demo/Textures/Rock_003_Albedo.png
  artifactKey: Guid(2e0153b3300be444d991f89fd969cb04) Importer(815301076,1909f56bfc062723c751e8b465ee728b)
Start importing Assets/ProceduralTerrainPainter/_Demo/Textures/Rock_003_Albedo.png using Guid(2e0153b3300be444d991f89fd969cb04) Importer(815301076,1909f56bfc062723c751e8b465ee728b) [PhysX] Initialized MultithreadedTaskDispatcher with 8 workers.
[PhysX] Initialized MultithreadedTaskDispatcher with 8 workers.
 -> (artifact id: '5742a6c1ddb6def7578588b94f825b7b') in 0.051769 seconds
Number of updated asset objects reloaded before import = 0
Number of asset objects unloaded after import = 2
========================================================================
Received Import Request.
  Time since last request: 0.000024 seconds.
  path: Assets/ProceduralTerrainPainter/_Demo/Textures/Snow_006_Albedo.png
  artifactKey: Guid(4b17739d8bfd9e149b62d2c1e454e558) Importer(815301076,1909f56bfc062723c751e8b465ee728b)
Start importing Assets/ProceduralTerrainPainter/_Demo/Textures/Snow_006_Albedo.png using Guid(4b17739d8bfd9e149b62d2c1e454e558) Importer(815301076,1909f56bfc062723c751e8b465ee728b) [PhysX] Initialized MultithreadedTaskDispatcher with 8 workers.
[PhysX] Initialized MultithreadedTaskDispatcher with 8 workers.
 -> (artifact id: '865a3b1568304c2076941f5119676c27') in 0.036176 seconds
Number of updated asset objects reloaded before import = 0
Number of asset objects unloaded after import = 2
========================================================================
Received Import Request.
  Time since last request: 0.000033 seconds.
  path: Assets/ProceduralTerrainPainter/_Demo/Textures/Rock_003_Normals.png
  artifactKey: Guid(7ac01204a93e9d041b6d18d960ccfacd) Importer(815301076,1909f56bfc062723c751e8b465ee728b)
Start importing Assets/ProceduralTerrainPainter/_Demo/Textures/Rock_003_Normals.png using Guid(7ac01204a93e9d041b6d18d960ccfacd) Importer(815301076,1909f56bfc062723c751e8b465ee728b) [PhysX] Initialized MultithreadedTaskDispatcher with 8 workers.
[PhysX] Initialized MultithreadedTaskDispatcher with 8 workers.
 -> (artifact id: 'd7af7a1b376be1fdafb10402679f6e2b') in 0.049161 seconds
Number of updated asset objects reloaded before import = 0
Number of asset objects unloaded after import = 2
========================================================================
Received Import Request.
  Time since last request: 123.060322 seconds.
  path: Assets/ProceduralTerrainPainter/_Demo/Layers/Dirt.terrainlayer
  artifactKey: Guid(eb742adf8ec7a8b4684109a139de6019) Importer(815301076,1909f56bfc062723c751e8b465ee728b)
Start importing Assets/ProceduralTerrainPainter/_Demo/Layers/Dirt.terrainlayer using Guid(eb742adf8ec7a8b4684109a139de6019) Importer(815301076,1909f56bfc062723c751e8b465ee728b) [PhysX] Initialized MultithreadedTaskDispatcher with 8 workers.
 -> (artifact id: '536854a3e91578c21c8cfb0fc68efabf') in 0.140808 seconds
Number of updated asset objects reloaded before import = 0
Number of asset objects unloaded after import = 4
========================================================================
Received Import Request.
  Time since last request: 0.000036 seconds.
  path: Assets/ProceduralTerrainPainter/_Demo/Layers/Sand.terrainlayer
  artifactKey: Guid(9a73362259799e748b5f32ee4d5b9f54) Importer(815301076,1909f56bfc062723c751e8b465ee728b)
Start importing Assets/ProceduralTerrainPainter/_Demo/Layers/Sand.terrainlayer using Guid(9a73362259799e748b5f32ee4d5b9f54) Importer(815301076,1909f56bfc062723c751e8b465ee728b) [PhysX] Initialized MultithreadedTaskDispatcher with 8 workers.
 -> (artifact id: '38216890ea5522f225281ee7d154abe9') in 0.024605 seconds
Number of updated asset objects reloaded before import = 0
Number of asset objects unloaded after import = 4
========================================================================
Received Import Request.
  Time since last request: 0.000042 seconds.
  path: Assets/ProceduralTerrainPainter/_Demo/Layers/Snow.terrainlayer
  artifactKey: Guid(c52ad77efecd38146bfb167ad0f38daf) Importer(815301076,1909f56bfc062723c751e8b465ee728b)
Start importing Assets/ProceduralTerrainPainter/_Demo/Layers/Snow.terrainlayer using Guid(c52ad77efecd38146bfb167ad0f38daf) Importer(815301076,1909f56bfc062723c751e8b465ee728b) [PhysX] Initialized MultithreadedTaskDispatcher with 8 workers.
 -> (artifact id: 'bb799160c11fca967880a91d10e553b6') in 0.057891 seconds
Number of updated asset objects reloaded before import = 0
Number of asset objects unloaded after import = 4
========================================================================
Received Import Request.
  Time since last request: 0.000048 seconds.
  path: Assets/ProceduralTerrainPainter/_Demo/Layers/Grass.terrainlayer
  artifactKey: Guid(a026f67c6452bb7488422ec75c67c660) Importer(815301076,1909f56bfc062723c751e8b465ee728b)
Start importing Assets/ProceduralTerrainPainter/_Demo/Layers/Grass.terrainlayer using Guid(a026f67c6452bb7488422ec75c67c660) Importer(815301076,1909f56bfc062723c751e8b465ee728b) [PhysX] Initialized MultithreadedTaskDispatcher with 8 workers.
 -> (artifact id: '9ecbb49929ab86da4fff467f15c6d100') in 0.047847 seconds
Number of updated asset objects reloaded before import = 0
Number of asset objects unloaded after import = 4
========================================================================
Received Prepare
Caller must complete domain reload
Begin MonoManager ReloadAssembly
- Loaded All Assemblies, in  0.818 seconds
Native extension for WindowsStandalone target not found
Native extension for iOS target not found
Mono: successfully reloaded assembly
- Finished resetting the current domain, in  8.226 seconds
Domain Reload Profiling: 9044ms
	BeginReloadAssembly (235ms)
		ExecutionOrderSort (0ms)
		DisableScriptedObjects (8ms)
		BackupInstance (0ms)
		ReleaseScriptingObjects (0ms)
		CreateAndSetChildDomain (57ms)
	RebuildCommonClasses (42ms)
	RebuildNativeTypeToScriptingClass (16ms)
	initialDomainReloadingComplete (34ms)
	LoadAllAssembliesAndSetupDomain (489ms)
		LoadAssemblies (580ms)
		RebuildTransferFunctionScriptingTraits (0ms)
		AnalyzeDomain (37ms)
			TypeCache.Refresh (14ms)
				TypeCache.ScanAssembly (0ms)
			ScanForSourceGeneratedMonoScriptInfo (0ms)
			ResolveRequiredComponents (20ms)
	FinalizeReload (8227ms)
		ReleaseScriptCaches (0ms)
		RebuildScriptCaches (0ms)
		SetupLoadedEditorAssemblies (3569ms)
			LogAssemblyErrors (0ms)
			InitializePlatformSupportModulesInManaged (239ms)
			SetLoadedEditorAssemblies (75ms)
			RefreshPlugins (0ms)
			BeforeProcessingInitializeOnLoad (870ms)
			ProcessInitializeOnLoadAttributes (2271ms)
			ProcessInitializeOnLoadMethodAttributes (111ms)
			AfterProcessingInitializeOnLoad (4ms)
			EditorAssembliesLoaded (0ms)
		ExecutionOrderSort2 (0ms)
		AwakeInstancesAfterBackupRestoration (14ms)
Refreshing native plugins compatible for Editor in 4.70 ms, found 3 plugins.
Preloading 0 native plugins for Editor in 0.00 ms.
Unloading 5471 Unused Serialized files (Serialized files now loaded: 0)
Unloading 27 unused Assets / (1.0 MB). Loaded Objects now: 6050.
Memory consumption went from 185.6 MB to 184.6 MB.
Total: 9.614200 ms (FindLiveObjects: 0.640100 ms CreateObjectMapping: 0.307400 ms MarkObjects: 7.939100 ms  DeleteObjects: 0.725500 ms)

Prepare: number of updated asset objects reloaded= 0
AssetImportParameters requested are different than current active one (requested -> active):
  custom:scripting/monoscript/fileName/Noise.cs: 2e9e44e9fa368a868187635d4de47e09 -> 
  custom:container-demuxer-ogg: 62fdf1f143b41e24485cea50d1cbac27 -> 
  custom:scripting/monoscript/fileName/LayerSettings.cs: 25e448f532accd517d15ee181fdee59f -> 
  custom:scripting/monoscript/fileName/TerrainPainterInspector.cs: 9b6ce80a19a647546dccf25ef8303ba9 -> 
  custom:video-decoder-ogg-theora: a1e56fd34408186e4bbccfd4996cb3dc -> 
  custom:framework-win-MediaFoundation: 216162199b28c13a410421893ffa2e32 -> 
  custom:scripting/monoscript/fileName/ModifierEditor.cs: bd1c546541cd7b6ecb943ab8ce2fd5a0 -> 
  custom:scripting/monoscript/fileName/Curvature.cs: 52127657f1f6195e2a74f0f77e13b6f8 -> 
  custom:CustomObjectIndexerAttribute: 72b91833f83ae208fae7752999fa3104 -> 
  custom:container-demuxer-webm: 4f35f7cbe854078d1ac9338744f61a02 -> 
  custom:scripting/monoscript/fileName/TerrainPainter.cs: 9ec617274eaf6dc714a345a200ba5a0f -> 
  custom:scripting/monoscript/fileName/HeatmapPreview.cs: b5be9e21674d851a0edf6fab846f649a -> 
  custom:scripting/monoscript/fileName/Utilities.cs: 64b1895b0de4a22156b31daddd8e7748 -> 
  custom:container-muxer-webm: aa71ff27fc2769a1b78a27578f13a17b -> 
  custom:video-decoder-webm-vp8: 9c59270c3fd7afecdb556c50c9e8de78 -> 
  custom:scripting/monoscript/fileName/Modifier.cs: 95887978e573c577866150c0c0f3d51b -> 
  custom:SearchIndexIgnoredProperties: e643bd26f0fe6173181afceb89e7c659 -> 
  custom:AudioImporter_EditorPlatform: d09bf68614088b80899f8185d706f6e7 -> 
  custom:scripting/monoscript/fileName/Slope.cs: 6c26c92f437bf6dc6af3379aa172086b -> 
  custom:scripting/monoscript/fileName/TextureMask.cs: ed3ef85069521cefaac846cd5705fd83 -> 
  custom:scripting/monoscript/fileName/ModifierStack.cs: ab30073cf41c4f7b98572c520e066cff -> 
  custom:video-encoder-webm-vp8: eb34c28f22e8b96e1ab97ce403110664 -> 
  custom:scripting/precompiled-assembly-types:sc.terrain.painter.editor: c09aa83f573b298e295b7639461ae327 -> 
  custom:audio-decoder-ogg-vorbis: bf7c407c2cedff20999df2af8eb42d56 -> 
  custom:scripting/monoscript/fileName/Height.cs: b6f2c207cb4403587b41112316b02828 -> 
  custom:scripting/monoscript/fileName/TerrainChangeListener.cs: 007a811a94043cb3a2baecc0dae2a4ec -> 
  custom:scripting/precompiled-assembly-types:sc.terrain.painter.runtime: 775aac4dfef5fcb3808b32ce30f1eff0 -> 
  custom:audio-encoder-webm-vorbis: bf7c407c2cedff20999df2af8eb42d56 -> 
  custom:scripting/monoscript/fileName/Attributes.cs: e9dc9ab8918c93eb13ad748a7e675e89 -> 9d3861389974f0823e7e341aa6c23dae
  custom:scripting/monoscript/fileName/PropertyDrawers.cs: e43720427fa2839c8f300e8558fd6c14 -> 
  custom:scripting/monoscript/fileName/Direction.cs: f16dbe4760611d36f1cac453956d5466 -> 
========================================================================
Received Import Request.
  Time since last request: 103.511715 seconds.
  path: Assets/ProceduralTerrainPainter/_Demo/TerrainData/TerrainChunk_2.asset
  artifactKey: Guid(06b03729d66083744a7ca73245bd3cdb) Importer(815301076,1909f56bfc062723c751e8b465ee728b)
Start importing Assets/ProceduralTerrainPainter/_Demo/TerrainData/TerrainChunk_2.asset using Guid(06b03729d66083744a7ca73245bd3cdb) Importer(815301076,1909f56bfc062723c751e8b465ee728b) [PhysX] Initialized MultithreadedTaskDispatcher with 8 workers.
[PhysX] Initialized MultithreadedTaskDispatcher with 8 workers.
[PhysX] Initialized MultithreadedTaskDispatcher with 8 workers.
 -> (artifact id: '522b01586135e774c148f63f890fe1d6') in 0.177442 seconds
Number of updated asset objects reloaded before import = 0
Number of asset objects unloaded after import = 4
========================================================================
Received Prepare
Caller must complete domain reload
Begin MonoManager ReloadAssembly
- Loaded All Assemblies, in  1.296 seconds
Native extension for WindowsStandalone target not found
Native extension for iOS target not found
Mono: successfully reloaded assembly
- Finished resetting the current domain, in 13.311 seconds
Domain Reload Profiling: 14608ms
	BeginReloadAssembly (218ms)
		ExecutionOrderSort (0ms)
		DisableScriptedObjects (5ms)
		BackupInstance (0ms)
		ReleaseScriptingObjects (0ms)
		CreateAndSetChildDomain (54ms)
	RebuildCommonClasses (44ms)
	RebuildNativeTypeToScriptingClass (17ms)
	initialDomainReloadingComplete (38ms)
	LoadAllAssembliesAndSetupDomain (979ms)
		LoadAssemblies (1043ms)
		RebuildTransferFunctionScriptingTraits (0ms)
		AnalyzeDomain (49ms)
			TypeCache.Refresh (19ms)
				TypeCache.ScanAssembly (0ms)
			ScanForSourceGeneratedMonoScriptInfo (0ms)
			ResolveRequiredComponents (26ms)
	FinalizeReload (13312ms)
		ReleaseScriptCaches (0ms)
		RebuildScriptCaches (0ms)
		SetupLoadedEditorAssemblies (1129ms)
			LogAssemblyErrors (0ms)
			InitializePlatformSupportModulesInManaged (38ms)
			SetLoadedEditorAssemblies (8ms)
			RefreshPlugins (0ms)
			BeforeProcessingInitializeOnLoad (120ms)
			ProcessInitializeOnLoadAttributes (871ms)
			ProcessInitializeOnLoadMethodAttributes (88ms)
			AfterProcessingInitializeOnLoad (3ms)
			EditorAssembliesLoaded (0ms)
		ExecutionOrderSort2 (0ms)
		AwakeInstancesAfterBackupRestoration (12ms)
Refreshing native plugins compatible for Editor in 6.98 ms, found 3 plugins.
Preloading 0 native plugins for Editor in 0.00 ms.
Unloading 5471 Unused Serialized files (Serialized files now loaded: 0)
Unloading 29 unused Assets / (1.3 MB). Loaded Objects now: 6066.
Memory consumption went from 186.2 MB to 184.9 MB.
Total: 7.912600 ms (FindLiveObjects: 0.747300 ms CreateObjectMapping: 1.300500 ms MarkObjects: 5.168200 ms  DeleteObjects: 0.695300 ms)

Prepare: number of updated asset objects reloaded= 0
AssetImportParameters requested are different than current active one (requested -> active):
  custom:scripting/monoscript/fileName/Noise.cs: 2e9e44e9fa368a868187635d4de47e09 -> 
  custom:container-demuxer-ogg: 62fdf1f143b41e24485cea50d1cbac27 -> 
  custom:scripting/monoscript/fileName/LayerSettings.cs: 25e448f532accd517d15ee181fdee59f -> 
  custom:scripting/monoscript/fileName/TerrainPainterInspector.cs: 9b6ce80a19a647546dccf25ef8303ba9 -> 
  custom:video-decoder-ogg-theora: a1e56fd34408186e4bbccfd4996cb3dc -> 
  custom:framework-win-MediaFoundation: 216162199b28c13a410421893ffa2e32 -> 
  custom:scripting/monoscript/fileName/ModifierEditor.cs: bd1c546541cd7b6ecb943ab8ce2fd5a0 -> 
  custom:scripting/monoscript/fileName/Curvature.cs: 52127657f1f6195e2a74f0f77e13b6f8 -> 
  custom:CustomObjectIndexerAttribute: 72b91833f83ae208fae7752999fa3104 -> 
  custom:container-demuxer-webm: 4f35f7cbe854078d1ac9338744f61a02 -> 
  custom:scripting/monoscript/fileName/TerrainPainter.cs: 9ec617274eaf6dc714a345a200ba5a0f -> 
  custom:scripting/monoscript/fileName/HeatmapPreview.cs: b5be9e21674d851a0edf6fab846f649a -> 
  custom:scripting/monoscript/fileName/Utilities.cs: 64b1895b0de4a22156b31daddd8e7748 -> 
  custom:container-muxer-webm: aa71ff27fc2769a1b78a27578f13a17b -> 
  custom:video-decoder-webm-vp8: 9c59270c3fd7afecdb556c50c9e8de78 -> 
  custom:scripting/monoscript/fileName/Modifier.cs: 95887978e573c577866150c0c0f3d51b -> 
  custom:SearchIndexIgnoredProperties: e643bd26f0fe6173181afceb89e7c659 -> 
  custom:AudioImporter_EditorPlatform: d09bf68614088b80899f8185d706f6e7 -> 
  custom:scripting/monoscript/fileName/Slope.cs: 6c26c92f437bf6dc6af3379aa172086b -> 
  custom:scripting/monoscript/fileName/TextureMask.cs: ed3ef85069521cefaac846cd5705fd83 -> 
  custom:scripting/monoscript/fileName/ModifierStack.cs: ab30073cf41c4f7b98572c520e066cff -> 
  custom:video-encoder-webm-vp8: eb34c28f22e8b96e1ab97ce403110664 -> 
  custom:scripting/precompiled-assembly-types:sc.terrain.painter.editor: c09aa83f573b298e295b7639461ae327 -> 
  custom:audio-decoder-ogg-vorbis: bf7c407c2cedff20999df2af8eb42d56 -> 
  custom:scripting/monoscript/fileName/Height.cs: b6f2c207cb4403587b41112316b02828 -> 
  custom:scripting/monoscript/fileName/TerrainChangeListener.cs: 007a811a94043cb3a2baecc0dae2a4ec -> 
  custom:scripting/precompiled-assembly-types:sc.terrain.painter.runtime: 775aac4dfef5fcb3808b32ce30f1eff0 -> 
  custom:audio-encoder-webm-vorbis: bf7c407c2cedff20999df2af8eb42d56 -> 
  custom:scripting/monoscript/fileName/Attributes.cs: e9dc9ab8918c93eb13ad748a7e675e89 -> 9d3861389974f0823e7e341aa6c23dae
  custom:scripting/monoscript/fileName/PropertyDrawers.cs: e43720427fa2839c8f300e8558fd6c14 -> 
  custom:scripting/monoscript/fileName/Direction.cs: f16dbe4760611d36f1cac453956d5466 -> 
========================================================================
Received Prepare
Caller must complete domain reload
Begin MonoManager ReloadAssembly
- Loaded All Assemblies, in  0.606 seconds
Native extension for WindowsStandalone target not found
Native extension for iOS target not found
Mono: successfully reloaded assembly
- Finished resetting the current domain, in  3.449 seconds
Domain Reload Profiling: 4053ms
	BeginReloadAssembly (209ms)
		ExecutionOrderSort (0ms)
		DisableScriptedObjects (7ms)
		BackupInstance (0ms)
		ReleaseScriptingObjects (0ms)
		CreateAndSetChildDomain (53ms)
	RebuildCommonClasses (63ms)
	RebuildNativeTypeToScriptingClass (19ms)
	initialDomainReloadingComplete (35ms)
	LoadAllAssembliesAndSetupDomain (278ms)
		LoadAssemblies (364ms)
		RebuildTransferFunctionScriptingTraits (0ms)
		AnalyzeDomain (26ms)
			TypeCache.Refresh (8ms)
				TypeCache.ScanAssembly (0ms)
			ScanForSourceGeneratedMonoScriptInfo (0ms)
			ResolveRequiredComponents (16ms)
	FinalizeReload (3449ms)
		ReleaseScriptCaches (0ms)
		RebuildScriptCaches (0ms)
		SetupLoadedEditorAssemblies (2460ms)
			LogAssemblyErrors (0ms)
			InitializePlatformSupportModulesInManaged (120ms)
			SetLoadedEditorAssemblies (11ms)
			RefreshPlugins (0ms)
			BeforeProcessingInitializeOnLoad (900ms)
			ProcessInitializeOnLoadAttributes (1315ms)
			ProcessInitializeOnLoadMethodAttributes (110ms)
			AfterProcessingInitializeOnLoad (4ms)
			EditorAssembliesLoaded (0ms)
		ExecutionOrderSort2 (0ms)
		AwakeInstancesAfterBackupRestoration (11ms)
Refreshing native plugins compatible for Editor in 24.99 ms, found 3 plugins.
Preloading 0 native plugins for Editor in 0.00 ms.
Unloading 5471 Unused Serialized files (Serialized files now loaded: 0)
Unloading 27 unused Assets / (1.0 MB). Loaded Objects now: 6081.
Memory consumption went from 185.9 MB to 184.9 MB.
Total: 7.992100 ms (FindLiveObjects: 0.578700 ms CreateObjectMapping: 0.278000 ms MarkObjects: 6.649600 ms  DeleteObjects: 0.484000 ms)

Prepare: number of updated asset objects reloaded= 0
AssetImportParameters requested are different than current active one (requested -> active):
  custom:scripting/monoscript/fileName/Noise.cs: 2e9e44e9fa368a868187635d4de47e09 -> 
  custom:container-demuxer-ogg: 62fdf1f143b41e24485cea50d1cbac27 -> 
  custom:scripting/monoscript/fileName/LayerSettings.cs: 25e448f532accd517d15ee181fdee59f -> 
  custom:scripting/monoscript/fileName/TerrainPainterInspector.cs: 9b6ce80a19a647546dccf25ef8303ba9 -> 
  custom:video-decoder-ogg-theora: a1e56fd34408186e4bbccfd4996cb3dc -> 
  custom:framework-win-MediaFoundation: 216162199b28c13a410421893ffa2e32 -> 
  custom:scripting/monoscript/fileName/ModifierEditor.cs: bd1c546541cd7b6ecb943ab8ce2fd5a0 -> 
  custom:scripting/monoscript/fileName/Curvature.cs: 52127657f1f6195e2a74f0f77e13b6f8 -> 
  custom:CustomObjectIndexerAttribute: 72b91833f83ae208fae7752999fa3104 -> 
  custom:container-demuxer-webm: 4f35f7cbe854078d1ac9338744f61a02 -> 
  custom:scripting/monoscript/fileName/TerrainPainter.cs: 9ec617274eaf6dc714a345a200ba5a0f -> 
  custom:scripting/monoscript/fileName/HeatmapPreview.cs: b5be9e21674d851a0edf6fab846f649a -> 
  custom:scripting/monoscript/fileName/Utilities.cs: 64b1895b0de4a22156b31daddd8e7748 -> 
  custom:container-muxer-webm: aa71ff27fc2769a1b78a27578f13a17b -> 
  custom:video-decoder-webm-vp8: 9c59270c3fd7afecdb556c50c9e8de78 -> 
  custom:scripting/monoscript/fileName/Modifier.cs: 95887978e573c577866150c0c0f3d51b -> 
  custom:SearchIndexIgnoredProperties: e643bd26f0fe6173181afceb89e7c659 -> 
  custom:AudioImporter_EditorPlatform: d09bf68614088b80899f8185d706f6e7 -> 
  custom:scripting/monoscript/fileName/Slope.cs: 6c26c92f437bf6dc6af3379aa172086b -> 
  custom:scripting/monoscript/fileName/TextureMask.cs: ed3ef85069521cefaac846cd5705fd83 -> 
  custom:scripting/monoscript/fileName/ModifierStack.cs: ab30073cf41c4f7b98572c520e066cff -> 
  custom:video-encoder-webm-vp8: eb34c28f22e8b96e1ab97ce403110664 -> 
  custom:scripting/precompiled-assembly-types:sc.terrain.painter.editor: c09aa83f573b298e295b7639461ae327 -> 
  custom:audio-decoder-ogg-vorbis: bf7c407c2cedff20999df2af8eb42d56 -> 
  custom:scripting/monoscript/fileName/Height.cs: b6f2c207cb4403587b41112316b02828 -> 
  custom:scripting/monoscript/fileName/TerrainChangeListener.cs: 007a811a94043cb3a2baecc0dae2a4ec -> 
  custom:scripting/precompiled-assembly-types:sc.terrain.painter.runtime: 775aac4dfef5fcb3808b32ce30f1eff0 -> 
  custom:audio-encoder-webm-vorbis: bf7c407c2cedff20999df2af8eb42d56 -> 
  custom:scripting/monoscript/fileName/Attributes.cs: e9dc9ab8918c93eb13ad748a7e675e89 -> 9d3861389974f0823e7e341aa6c23dae
  custom:scripting/monoscript/fileName/PropertyDrawers.cs: e43720427fa2839c8f300e8558fd6c14 -> 
  custom:scripting/monoscript/fileName/Direction.cs: f16dbe4760611d36f1cac453956d5466 -> 
========================================================================
Received Import Request.
  Time since last request: 1572.092893 seconds.
  path: Assets/ProceduralTerrainPainter/Runtime/sc.terrain.painter.runtime.asmdef
  artifactKey: Guid(cc5c31e37fc376a4aab5c9833f04870e) Importer(815301076,1909f56bfc062723c751e8b465ee728b)
Start importing Assets/ProceduralTerrainPainter/Runtime/sc.terrain.painter.runtime.asmdef using Guid(cc5c31e37fc376a4aab5c9833f04870e) Importer(815301076,1909f56bfc062723c751e8b465ee728b) [PhysX] Initialized MultithreadedTaskDispatcher with 8 workers.
 -> (artifact id: 'fad016e8cd14654d2b7ce3bea53a9dfc') in 0.114952 seconds
Number of updated asset objects reloaded before import = 0
Number of asset objects unloaded after import = 0
========================================================================
Received Prepare
Caller must complete domain reload
Begin MonoManager ReloadAssembly
- Loaded All Assemblies, in  9.009 seconds
Native extension for WindowsStandalone target not found
Native extension for iOS target not found
Mono: successfully reloaded assembly
- Finished resetting the current domain, in 38.888 seconds
Domain Reload Profiling: 47905ms
	BeginReloadAssembly (3015ms)
		ExecutionOrderSort (0ms)
		DisableScriptedObjects (70ms)
		BackupInstance (0ms)
		ReleaseScriptingObjects (4ms)
		CreateAndSetChildDomain (984ms)
	RebuildCommonClasses (130ms)
	RebuildNativeTypeToScriptingClass (27ms)
	initialDomainReloadingComplete (88ms)
	LoadAllAssembliesAndSetupDomain (5755ms)
		LoadAssemblies (7096ms)
		RebuildTransferFunctionScriptingTraits (0ms)
		AnalyzeDomain (273ms)
			TypeCache.Refresh (77ms)
				TypeCache.ScanAssembly (6ms)
			ScanForSourceGeneratedMonoScriptInfo (149ms)
			ResolveRequiredComponents (44ms)
	FinalizeReload (38890ms)
		ReleaseScriptCaches (0ms)
		RebuildScriptCaches (0ms)
		SetupLoadedEditorAssemblies (3293ms)
			LogAssemblyErrors (0ms)
			InitializePlatformSupportModulesInManaged (210ms)
			SetLoadedEditorAssemblies (22ms)
			RefreshPlugins (0ms)
			BeforeProcessingInitializeOnLoad (323ms)
			ProcessInitializeOnLoadAttributes (2495ms)
			ProcessInitializeOnLoadMethodAttributes (232ms)
			AfterProcessingInitializeOnLoad (11ms)
			EditorAssembliesLoaded (1ms)
		ExecutionOrderSort2 (0ms)
		AwakeInstancesAfterBackupRestoration (25ms)
Refreshing native plugins compatible for Editor in 92.94 ms, found 3 plugins.
Preloading 0 native plugins for Editor in 0.00 ms.
Unloading 5481 Unused Serialized files (Serialized files now loaded: 0)
Unloading 27 unused Assets / (1.0 MB). Loaded Objects now: 6106.
Memory consumption went from 186.0 MB to 185.1 MB.
Total: 221.353600 ms (FindLiveObjects: 57.805400 ms CreateObjectMapping: 1.452900 ms MarkObjects: 159.684000 ms  DeleteObjects: 2.406800 ms)

Prepare: number of updated asset objects reloaded= 0
AssetImportParameters requested are different than current active one (requested -> active):
  custom:scripting/monoscript/fileName/UIVirtualTouchZone.cs: 2cf58d9131af5a78d9083ae59546d69c -> 
  custom:scripting/monoscript/fileName/Noise.cs: 2e9e44e9fa368a868187635d4de47e09 -> 
  custom:container-demuxer-ogg: 62fdf1f143b41e24485cea50d1cbac27 -> 
  custom:scripting/monoscript/fileName/LayerSettings.cs: 25e448f532accd517d15ee181fdee59f -> 
  custom:scripting/monoscript/fileName/TerrainPainterInspector.cs: 9b6ce80a19a647546dccf25ef8303ba9 -> 
  custom:scripting/monoscript/fileName/UIVirtualJoystick.cs: 940ec13d5cec07955291b086529e4dd6 -> 
  custom:video-decoder-ogg-theora: a1e56fd34408186e4bbccfd4996cb3dc -> 
  custom:framework-win-MediaFoundation: 216162199b28c13a410421893ffa2e32 -> 
  custom:scripting/monoscript/fileName/ModifierEditor.cs: bd1c546541cd7b6ecb943ab8ce2fd5a0 -> 
  custom:scripting/monoscript/fileName/Curvature.cs: 52127657f1f6195e2a74f0f77e13b6f8 -> 
  custom:CustomObjectIndexerAttribute: 72b91833f83ae208fae7752999fa3104 -> 
  custom:scripting/monoscript/fileName/Readme.cs: 5aedf578fb2663036982fb7b05aaf325 -> 
  custom:container-demuxer-webm: 4f35f7cbe854078d1ac9338744f61a02 -> 
  custom:scripting/monoscript/fileName/UIVirtualButton.cs: 4484a5293e7a4abb96c3b06b8d8dca11 -> 
  custom:scripting/monoscript/fileName/TerrainPainter.cs: 9ec617274eaf6dc714a345a200ba5a0f -> 
  custom:scripting/monoscript/fileName/HeatmapPreview.cs: b5be9e21674d851a0edf6fab846f649a -> 
  custom:scripting/monoscript/fileName/Utilities.cs: 64b1895b0de4a22156b31daddd8e7748 -> 
  custom:scripting/monoscript/fileName/MobileDisableAutoSwitchControls.cs: 6080624f52a6a8173325efe0ce361f18 -> 
  custom:container-muxer-webm: aa71ff27fc2769a1b78a27578f13a17b -> 
  custom:scripting/monoscript/fileName/ReadmeEditor.cs: ff7ced1e41c1b99ddf5dfefc88f6bd50 -> 
  custom:video-decoder-webm-vp8: 9c59270c3fd7afecdb556c50c9e8de78 -> 
  custom:scripting/monoscript/fileName/Modifier.cs: 95887978e573c577866150c0c0f3d51b -> 
  custom:SearchIndexIgnoredProperties: e643bd26f0fe6173181afceb89e7c659 -> 
  custom:AudioImporter_EditorPlatform: d09bf68614088b80899f8185d706f6e7 -> 
  custom:scripting/monoscript/fileName/UICanvasControllerInput.cs: efbd76725fe032d832a1837ce36804c3 -> 
  custom:scripting/monoscript/fileName/BasicRigidBodyPush.cs: 834b632457fae9d11b7ee6ae6006cbf8 -> 
  custom:scripting/monoscript/fileName/Slope.cs: 6c26c92f437bf6dc6af3379aa172086b -> 
  custom:scripting/monoscript/fileName/TextureMask.cs: ed3ef85069521cefaac846cd5705fd83 -> 
  custom:scripting/monoscript/fileName/ModifierStack.cs: ab30073cf41c4f7b98572c520e066cff -> 
  custom:video-encoder-webm-vp8: eb34c28f22e8b96e1ab97ce403110664 -> 
  custom:scripting/precompiled-assembly-types:sc.terrain.painter.editor: c09aa83f573b298e295b7639461ae327 -> 
  custom:audio-decoder-ogg-vorbis: bf7c407c2cedff20999df2af8eb42d56 -> 
  custom:scripting/monoscript/fileName/StarterAssetsInputs.cs: 109cc5d80cf92b9046134880b5edcf1b -> 
  custom:scripting/monoscript/fileName/Height.cs: b6f2c207cb4403587b41112316b02828 -> 
  custom:scripting/monoscript/fileName/TerrainChangeListener.cs: 007a811a94043cb3a2baecc0dae2a4ec -> 
  custom:scripting/precompiled-assembly-types:sc.terrain.painter.runtime: 775aac4dfef5fcb3808b32ce30f1eff0 -> 
  custom:audio-encoder-webm-vorbis: bf7c407c2cedff20999df2af8eb42d56 -> 
  custom:scripting/precompiled-assembly-types:Assembly-CSharp-Editor: e68142aa7ec1b83c2b0c9225ddc33ecd -> 
  custom:scripting/monoscript/fileName/ThirdPersonController.cs: a689853034d5fa0ef10dab801796c594 -> 
  custom:scripting/monoscript/fileName/Attributes.cs: e9dc9ab8918c93eb13ad748a7e675e89 -> 9d3861389974f0823e7e341aa6c23dae
  custom:scripting/precompiled-assembly-types:Assembly-CSharp: 67ba86793a37ab471baf49500185f100 -> 
  custom:scripting/monoscript/fileName/PropertyDrawers.cs: e43720427fa2839c8f300e8558fd6c14 -> 
  custom:scripting/monoscript/fileName/Direction.cs: f16dbe4760611d36f1cac453956d5466 -> 
========================================================================
Received Import Request.
  Time since last request: 285.896278 seconds.
  path: Assets/StarterAssets
  artifactKey: Guid(3397cd14c28cccf47b097769f7817a19) Importer(815301076,1909f56bfc062723c751e8b465ee728b)
Start importing Assets/StarterAssets using Guid(3397cd14c28cccf47b097769f7817a19) Importer(815301076,1909f56bfc062723c751e8b465ee728b) [PhysX] Initialized MultithreadedTaskDispatcher with 8 workers.
 -> (artifact id: 'dcf32169b41e8bcbfe698b975137fd5d') in 0.131906 seconds
Number of updated asset objects reloaded before import = 0
Number of asset objects unloaded after import = 0
========================================================================
Received Import Request.
  Time since last request: 39.418336 seconds.
  path: Assets/StarterAssets/ThirdPersonController/Prefabs/MainCamera.prefab
  artifactKey: Guid(f6d148d888ffbf54b9afe9936dfaec1f) Importer(815301076,1909f56bfc062723c751e8b465ee728b)
Start importing Assets/StarterAssets/ThirdPersonController/Prefabs/MainCamera.prefab using Guid(f6d148d888ffbf54b9afe9936dfaec1f) Importer(815301076,1909f56bfc062723c751e8b465ee728b) [PhysX] Initialized MultithreadedTaskDispatcher with 8 workers.
 -> (artifact id: '78e0361583d4cc20421da2855d2b318f') in 0.534855 seconds
Number of updated asset objects reloaded before import = 0
Number of asset objects unloaded after import = 7
========================================================================
Received Import Request.
  Time since last request: 0.000037 seconds.
  path: Assets/StarterAssets/ThirdPersonController/Prefabs/PlayerArmature.prefab
  artifactKey: Guid(64dce48905ffd9b4293e595fa6941544) Importer(815301076,1909f56bfc062723c751e8b465ee728b)
Start importing Assets/StarterAssets/ThirdPersonController/Prefabs/PlayerArmature.prefab using Guid(64dce48905ffd9b4293e595fa6941544) Importer(815301076,1909f56bfc062723c751e8b465ee728b) [PhysX] Initialized MultithreadedTaskDispatcher with 8 workers.
[PhysX] Initialized MultithreadedTaskDispatcher with 8 workers.
 -> (artifact id: '053c82bc136d4074963e27fabb3b4aa3') in 2.714780 seconds
Number of updated asset objects reloaded before import = 0
Number of asset objects unloaded after import = 203
========================================================================
Received Import Request.
  Time since last request: 0.000060 seconds.
  path: Assets/StarterAssets/ThirdPersonController/Prefabs/NestedParentCapsule_Unpack.prefab
  artifactKey: Guid(212907312655a4443a025a304442c17c) Importer(815301076,1909f56bfc062723c751e8b465ee728b)
Start importing Assets/StarterAssets/ThirdPersonController/Prefabs/NestedParentCapsule_Unpack.prefab using Guid(212907312655a4443a025a304442c17c) Importer(815301076,1909f56bfc062723c751e8b465ee728b) [PhysX] Initialized MultithreadedTaskDispatcher with 8 workers.
[PhysX] Initialized MultithreadedTaskDispatcher with 8 workers.
 -> (artifact id: '1096e306a63d04849602588a8b8dc631') in 0.580445 seconds
Number of updated asset objects reloaded before import = 0
Number of asset objects unloaded after import = 240
========================================================================
Received Import Request.
  Time since last request: 0.000035 seconds.
  path: Assets/StarterAssets/ThirdPersonController/Prefabs/PlayerCapsule.prefab
  artifactKey: Guid(2553cec8fdb3eb643bbe9f2ec880c472) Importer(815301076,1909f56bfc062723c751e8b465ee728b)
Start importing Assets/StarterAssets/ThirdPersonController/Prefabs/PlayerCapsule.prefab using Guid(2553cec8fdb3eb643bbe9f2ec880c472) Importer(815301076,1909f56bfc062723c751e8b465ee728b) [PhysX] Initialized MultithreadedTaskDispatcher with 8 workers.
[PhysX] Initialized MultithreadedTaskDispatcher with 8 workers.
 -> (artifact id: 'd4b11dc1e339ab57ec277331a3cb08f9') in 0.044133 seconds
Number of updated asset objects reloaded before import = 0
Number of asset objects unloaded after import = 19
========================================================================
Received Prepare
Caller must complete domain reload
Begin MonoManager ReloadAssembly
- Loaded All Assemblies, in  8.643 seconds
Native extension for WindowsStandalone target not found
Native extension for iOS target not found
Mono: successfully reloaded assembly
- Finished resetting the current domain, in 29.813 seconds
Domain Reload Profiling: 38497ms
	BeginReloadAssembly (2828ms)
		ExecutionOrderSort (0ms)
		DisableScriptedObjects (53ms)
		BackupInstance (0ms)
		ReleaseScriptingObjects (1ms)
		CreateAndSetChildDomain (824ms)
	RebuildCommonClasses (609ms)
	RebuildNativeTypeToScriptingClass (216ms)
	initialDomainReloadingComplete (289ms)
	LoadAllAssembliesAndSetupDomain (4739ms)
		LoadAssemblies (5749ms)
		RebuildTransferFunctionScriptingTraits (0ms)
		AnalyzeDomain (360ms)
			TypeCache.Refresh (114ms)
				TypeCache.ScanAssembly (0ms)
			ScanForSourceGeneratedMonoScriptInfo (3ms)
			ResolveRequiredComponents (226ms)
	FinalizeReload (29815ms)
		ReleaseScriptCaches (0ms)
		RebuildScriptCaches (0ms)
		SetupLoadedEditorAssemblies (9909ms)
			LogAssemblyErrors (0ms)
			InitializePlatformSupportModulesInManaged (231ms)
			SetLoadedEditorAssemblies (50ms)
			RefreshPlugins (0ms)
			BeforeProcessingInitializeOnLoad (875ms)
			ProcessInitializeOnLoadAttributes (8180ms)
			ProcessInitializeOnLoadMethodAttributes (558ms)
			AfterProcessingInitializeOnLoad (13ms)
			EditorAssembliesLoaded (2ms)
		ExecutionOrderSort2 (0ms)
		AwakeInstancesAfterBackupRestoration (36ms)
Refreshing native plugins compatible for Editor in 21.04 ms, found 3 plugins.
Preloading 0 native plugins for Editor in 0.00 ms.
Unloading 5481 Unused Serialized files (Serialized files now loaded: 0)
Unloading 27 unused Assets / (0.9 MB). Loaded Objects now: 6129.
Memory consumption went from 187.1 MB to 186.1 MB.
Total: 25.731400 ms (FindLiveObjects: 1.255200 ms CreateObjectMapping: 1.153300 ms MarkObjects: 20.578200 ms  DeleteObjects: 2.740200 ms)

Prepare: number of updated asset objects reloaded= 0
AssetImportParameters requested are different than current active one (requested -> active):
  custom:scripting/monoscript/fileName/UIVirtualTouchZone.cs: 2cf58d9131af5a78d9083ae59546d69c -> 
  custom:scripting/monoscript/fileName/Noise.cs: 2e9e44e9fa368a868187635d4de47e09 -> 
  custom:container-demuxer-ogg: 62fdf1f143b41e24485cea50d1cbac27 -> 
  custom:scripting/monoscript/fileName/LayerSettings.cs: 25e448f532accd517d15ee181fdee59f -> 
  custom:scripting/monoscript/fileName/TerrainPainterInspector.cs: 9b6ce80a19a647546dccf25ef8303ba9 -> 
  custom:scripting/monoscript/fileName/UIVirtualJoystick.cs: 940ec13d5cec07955291b086529e4dd6 -> 
  custom:video-decoder-ogg-theora: a1e56fd34408186e4bbccfd4996cb3dc -> 
  custom:framework-win-MediaFoundation: 216162199b28c13a410421893ffa2e32 -> 
  custom:scripting/monoscript/fileName/ModifierEditor.cs: bd1c546541cd7b6ecb943ab8ce2fd5a0 -> 
  custom:scripting/monoscript/fileName/Curvature.cs: 52127657f1f6195e2a74f0f77e13b6f8 -> 
  custom:CustomObjectIndexerAttribute: 72b91833f83ae208fae7752999fa3104 -> 
  custom:scripting/monoscript/fileName/Readme.cs: 5aedf578fb2663036982fb7b05aaf325 -> 
  custom:container-demuxer-webm: 4f35f7cbe854078d1ac9338744f61a02 -> 
  custom:scripting/monoscript/fileName/UIVirtualButton.cs: 4484a5293e7a4abb96c3b06b8d8dca11 -> 
  custom:scripting/monoscript/fileName/TerrainPainter.cs: 9ec617274eaf6dc714a345a200ba5a0f -> 
  custom:scripting/monoscript/fileName/HeatmapPreview.cs: b5be9e21674d851a0edf6fab846f649a -> 
  custom:scripting/monoscript/fileName/Utilities.cs: 64b1895b0de4a22156b31daddd8e7748 -> 
  custom:scripting/monoscript/fileName/MobileDisableAutoSwitchControls.cs: 6080624f52a6a8173325efe0ce361f18 -> 
  custom:container-muxer-webm: aa71ff27fc2769a1b78a27578f13a17b -> 
  custom:scripting/monoscript/fileName/ReadmeEditor.cs: ff7ced1e41c1b99ddf5dfefc88f6bd50 -> 
  custom:video-decoder-webm-vp8: 9c59270c3fd7afecdb556c50c9e8de78 -> 
  custom:scripting/monoscript/fileName/Modifier.cs: 95887978e573c577866150c0c0f3d51b -> 
  custom:SearchIndexIgnoredProperties: e643bd26f0fe6173181afceb89e7c659 -> 
  custom:AudioImporter_EditorPlatform: d09bf68614088b80899f8185d706f6e7 -> 
  custom:scripting/monoscript/fileName/UICanvasControllerInput.cs: efbd76725fe032d832a1837ce36804c3 -> 
  custom:scripting/monoscript/fileName/BasicRigidBodyPush.cs: 834b632457fae9d11b7ee6ae6006cbf8 -> 
  custom:scripting/monoscript/fileName/Slope.cs: 6c26c92f437bf6dc6af3379aa172086b -> 
  custom:scripting/monoscript/fileName/TextureMask.cs: ed3ef85069521cefaac846cd5705fd83 -> 
  custom:scripting/monoscript/fileName/ModifierStack.cs: ab30073cf41c4f7b98572c520e066cff -> 
  custom:video-encoder-webm-vp8: eb34c28f22e8b96e1ab97ce403110664 -> 
  custom:scripting/precompiled-assembly-types:sc.terrain.painter.editor: c09aa83f573b298e295b7639461ae327 -> 
  custom:audio-decoder-ogg-vorbis: bf7c407c2cedff20999df2af8eb42d56 -> 
  custom:scripting/monoscript/fileName/StarterAssetsInputs.cs: 109cc5d80cf92b9046134880b5edcf1b -> 
  custom:scripting/monoscript/fileName/Height.cs: b6f2c207cb4403587b41112316b02828 -> 
  custom:scripting/monoscript/fileName/TerrainChangeListener.cs: 007a811a94043cb3a2baecc0dae2a4ec -> 
  custom:scripting/precompiled-assembly-types:sc.terrain.painter.runtime: 775aac4dfef5fcb3808b32ce30f1eff0 -> 
  custom:audio-encoder-webm-vorbis: bf7c407c2cedff20999df2af8eb42d56 -> 
  custom:scripting/precompiled-assembly-types:Assembly-CSharp-Editor: e68142aa7ec1b83c2b0c9225ddc33ecd -> 
  custom:scripting/monoscript/fileName/ThirdPersonController.cs: a689853034d5fa0ef10dab801796c594 -> 
  custom:scripting/monoscript/fileName/Attributes.cs: e9dc9ab8918c93eb13ad748a7e675e89 -> 9d3861389974f0823e7e341aa6c23dae
  custom:scripting/precompiled-assembly-types:Assembly-CSharp: 67ba86793a37ab471baf49500185f100 -> 
  custom:scripting/monoscript/fileName/PropertyDrawers.cs: e43720427fa2839c8f300e8558fd6c14 -> 
  custom:scripting/monoscript/fileName/Direction.cs: f16dbe4760611d36f1cac453956d5466 -> 
========================================================================
Received Prepare
Caller must complete domain reload
Begin MonoManager ReloadAssembly
- Loaded All Assemblies, in  2.565 seconds
Native extension for WindowsStandalone target not found
Native extension for iOS target not found
Mono: successfully reloaded assembly
- Finished resetting the current domain, in 11.353 seconds
Domain Reload Profiling: 13916ms
	BeginReloadAssembly (813ms)
		ExecutionOrderSort (0ms)
		DisableScriptedObjects (24ms)
		BackupInstance (0ms)
		ReleaseScriptingObjects (0ms)
		CreateAndSetChildDomain (169ms)
	RebuildCommonClasses (201ms)
	RebuildNativeTypeToScriptingClass (63ms)
	initialDomainReloadingComplete (140ms)
	LoadAllAssembliesAndSetupDomain (1344ms)
		LoadAssemblies (1689ms)
		RebuildTransferFunctionScriptingTraits (0ms)
		AnalyzeDomain (127ms)
			TypeCache.Refresh (32ms)
				TypeCache.ScanAssembly (0ms)
			ScanForSourceGeneratedMonoScriptInfo (2ms)
			ResolveRequiredComponents (80ms)
	FinalizeReload (11355ms)
		ReleaseScriptCaches (0ms)
		RebuildScriptCaches (0ms)
		SetupLoadedEditorAssemblies (6556ms)
			LogAssemblyErrors (0ms)
			InitializePlatformSupportModulesInManaged (180ms)
			SetLoadedEditorAssemblies (36ms)
			RefreshPlugins (0ms)
			BeforeProcessingInitializeOnLoad (737ms)
			ProcessInitializeOnLoadAttributes (5213ms)
			ProcessInitializeOnLoadMethodAttributes (369ms)
			AfterProcessingInitializeOnLoad (18ms)
			EditorAssembliesLoaded (3ms)
		ExecutionOrderSort2 (0ms)
		AwakeInstancesAfterBackupRestoration (51ms)
Refreshing native plugins compatible for Editor in 12.75 ms, found 3 plugins.
Preloading 0 native plugins for Editor in 0.00 ms.
Unloading 5481 Unused Serialized files (Serialized files now loaded: 0)
Unloading 27 unused Assets / (0.9 MB). Loaded Objects now: 6144.
Memory consumption went from 187.1 MB to 186.1 MB.
Total: 14.510900 ms (FindLiveObjects: 1.043700 ms CreateObjectMapping: 0.789500 ms MarkObjects: 11.840600 ms  DeleteObjects: 0.834000 ms)

Prepare: number of updated asset objects reloaded= 0
AssetImportParameters requested are different than current active one (requested -> active):
  custom:scripting/monoscript/fileName/UIVirtualTouchZone.cs: 2cf58d9131af5a78d9083ae59546d69c -> 
  custom:scripting/monoscript/fileName/Noise.cs: 2e9e44e9fa368a868187635d4de47e09 -> 
  custom:container-demuxer-ogg: 62fdf1f143b41e24485cea50d1cbac27 -> 
  custom:scripting/monoscript/fileName/LayerSettings.cs: 25e448f532accd517d15ee181fdee59f -> 
  custom:scripting/monoscript/fileName/TerrainPainterInspector.cs: 9b6ce80a19a647546dccf25ef8303ba9 -> 
  custom:scripting/monoscript/fileName/UIVirtualJoystick.cs: 940ec13d5cec07955291b086529e4dd6 -> 
  custom:video-decoder-ogg-theora: a1e56fd34408186e4bbccfd4996cb3dc -> 
  custom:framework-win-MediaFoundation: 216162199b28c13a410421893ffa2e32 -> 
  custom:scripting/monoscript/fileName/ModifierEditor.cs: bd1c546541cd7b6ecb943ab8ce2fd5a0 -> 
  custom:scripting/monoscript/fileName/Curvature.cs: 52127657f1f6195e2a74f0f77e13b6f8 -> 
  custom:CustomObjectIndexerAttribute: 72b91833f83ae208fae7752999fa3104 -> 
  custom:scripting/monoscript/fileName/Readme.cs: 5aedf578fb2663036982fb7b05aaf325 -> 
  custom:container-demuxer-webm: 4f35f7cbe854078d1ac9338744f61a02 -> 
  custom:scripting/monoscript/fileName/UIVirtualButton.cs: 4484a5293e7a4abb96c3b06b8d8dca11 -> 
  custom:scripting/monoscript/fileName/TerrainPainter.cs: 9ec617274eaf6dc714a345a200ba5a0f -> 
  custom:scripting/monoscript/fileName/HeatmapPreview.cs: b5be9e21674d851a0edf6fab846f649a -> 
  custom:scripting/monoscript/fileName/Utilities.cs: 64b1895b0de4a22156b31daddd8e7748 -> 
  custom:scripting/monoscript/fileName/MobileDisableAutoSwitchControls.cs: 6080624f52a6a8173325efe0ce361f18 -> 
  custom:container-muxer-webm: aa71ff27fc2769a1b78a27578f13a17b -> 
  custom:scripting/monoscript/fileName/ReadmeEditor.cs: ff7ced1e41c1b99ddf5dfefc88f6bd50 -> 
  custom:video-decoder-webm-vp8: 9c59270c3fd7afecdb556c50c9e8de78 -> 
  custom:scripting/monoscript/fileName/Modifier.cs: 95887978e573c577866150c0c0f3d51b -> 
  custom:SearchIndexIgnoredProperties: e643bd26f0fe6173181afceb89e7c659 -> 
  custom:AudioImporter_EditorPlatform: d09bf68614088b80899f8185d706f6e7 -> 
  custom:scripting/monoscript/fileName/UICanvasControllerInput.cs: efbd76725fe032d832a1837ce36804c3 -> 
  custom:scripting/monoscript/fileName/BasicRigidBodyPush.cs: 834b632457fae9d11b7ee6ae6006cbf8 -> 
  custom:scripting/monoscript/fileName/Slope.cs: 6c26c92f437bf6dc6af3379aa172086b -> 
  custom:scripting/monoscript/fileName/TextureMask.cs: ed3ef85069521cefaac846cd5705fd83 -> 
  custom:scripting/monoscript/fileName/ModifierStack.cs: ab30073cf41c4f7b98572c520e066cff -> 
  custom:video-encoder-webm-vp8: eb34c28f22e8b96e1ab97ce403110664 -> 
  custom:scripting/precompiled-assembly-types:sc.terrain.painter.editor: c09aa83f573b298e295b7639461ae327 -> 
  custom:audio-decoder-ogg-vorbis: bf7c407c2cedff20999df2af8eb42d56 -> 
  custom:scripting/monoscript/fileName/StarterAssetsInputs.cs: 109cc5d80cf92b9046134880b5edcf1b -> 
  custom:scripting/monoscript/fileName/Height.cs: b6f2c207cb4403587b41112316b02828 -> 
  custom:scripting/monoscript/fileName/TerrainChangeListener.cs: 007a811a94043cb3a2baecc0dae2a4ec -> 
  custom:scripting/precompiled-assembly-types:sc.terrain.painter.runtime: 775aac4dfef5fcb3808b32ce30f1eff0 -> 
  custom:audio-encoder-webm-vorbis: bf7c407c2cedff20999df2af8eb42d56 -> 
  custom:scripting/precompiled-assembly-types:Assembly-CSharp-Editor: e68142aa7ec1b83c2b0c9225ddc33ecd -> 
  custom:scripting/monoscript/fileName/ThirdPersonController.cs: a689853034d5fa0ef10dab801796c594 -> 
  custom:scripting/monoscript/fileName/Attributes.cs: e9dc9ab8918c93eb13ad748a7e675e89 -> 9d3861389974f0823e7e341aa6c23dae
  custom:scripting/precompiled-assembly-types:Assembly-CSharp: 67ba86793a37ab471baf49500185f100 -> 
  custom:scripting/monoscript/fileName/PropertyDrawers.cs: e43720427fa2839c8f300e8558fd6c14 -> 
  custom:scripting/monoscript/fileName/Direction.cs: f16dbe4760611d36f1cac453956d5466 -> 
========================================================================
Received Prepare
Caller must complete domain reload
Begin MonoManager ReloadAssembly
- Loaded All Assemblies, in  1.914 seconds
Native extension for WindowsStandalone target not found
Native extension for iOS target not found
Mono: successfully reloaded assembly
- Finished resetting the current domain, in 24.623 seconds
Domain Reload Profiling: 26538ms
	BeginReloadAssembly (288ms)
		ExecutionOrderSort (0ms)
		DisableScriptedObjects (9ms)
		BackupInstance (0ms)
		ReleaseScriptingObjects (0ms)
		CreateAndSetChildDomain (77ms)
	RebuildCommonClasses (51ms)
	RebuildNativeTypeToScriptingClass (21ms)
	initialDomainReloadingComplete (39ms)
	LoadAllAssembliesAndSetupDomain (1515ms)
		LoadAssemblies (1615ms)
		RebuildTransferFunctionScriptingTraits (0ms)
		AnalyzeDomain (50ms)
			TypeCache.Refresh (15ms)
				TypeCache.ScanAssembly (0ms)
			ScanForSourceGeneratedMonoScriptInfo (0ms)
			ResolveRequiredComponents (31ms)
	FinalizeReload (24624ms)
		ReleaseScriptCaches (0ms)
		RebuildScriptCaches (0ms)
		SetupLoadedEditorAssemblies (1512ms)
			LogAssemblyErrors (0ms)
			InitializePlatformSupportModulesInManaged (73ms)
			SetLoadedEditorAssemblies (11ms)
			RefreshPlugins (0ms)
			BeforeProcessingInitializeOnLoad (158ms)
			ProcessInitializeOnLoadAttributes (1157ms)
			ProcessInitializeOnLoadMethodAttributes (107ms)
			AfterProcessingInitializeOnLoad (5ms)
			EditorAssembliesLoaded (0ms)
		ExecutionOrderSort2 (0ms)
		AwakeInstancesAfterBackupRestoration (12ms)
Refreshing native plugins compatible for Editor in 163.57 ms, found 3 plugins.
Preloading 0 native plugins for Editor in 0.00 ms.
Unloading 5481 Unused Serialized files (Serialized files now loaded: 0)
Unloading 27 unused Assets / (1.0 MB). Loaded Objects now: 6159.
Memory consumption went from 187.1 MB to 186.1 MB.
Total: 157.060900 ms (FindLiveObjects: 24.214000 ms CreateObjectMapping: 0.396100 ms MarkObjects: 123.675500 ms  DeleteObjects: 8.771900 ms)

Prepare: number of updated asset objects reloaded= 0
AssetImportParameters requested are different than current active one (requested -> active):
  custom:scripting/monoscript/fileName/UIVirtualTouchZone.cs: 2cf58d9131af5a78d9083ae59546d69c -> 
  custom:scripting/monoscript/fileName/Noise.cs: 2e9e44e9fa368a868187635d4de47e09 -> 
  custom:container-demuxer-ogg: 62fdf1f143b41e24485cea50d1cbac27 -> 
  custom:scripting/monoscript/fileName/LayerSettings.cs: 25e448f532accd517d15ee181fdee59f -> 
  custom:scripting/monoscript/fileName/TerrainPainterInspector.cs: 9b6ce80a19a647546dccf25ef8303ba9 -> 
  custom:scripting/monoscript/fileName/UIVirtualJoystick.cs: 940ec13d5cec07955291b086529e4dd6 -> 
  custom:video-decoder-ogg-theora: a1e56fd34408186e4bbccfd4996cb3dc -> 
  custom:framework-win-MediaFoundation: 216162199b28c13a410421893ffa2e32 -> 
  custom:scripting/monoscript/fileName/ModifierEditor.cs: bd1c546541cd7b6ecb943ab8ce2fd5a0 -> 
  custom:scripting/monoscript/fileName/Curvature.cs: 52127657f1f6195e2a74f0f77e13b6f8 -> 
  custom:CustomObjectIndexerAttribute: 72b91833f83ae208fae7752999fa3104 -> 
  custom:scripting/monoscript/fileName/Readme.cs: 5aedf578fb2663036982fb7b05aaf325 -> 
  custom:container-demuxer-webm: 4f35f7cbe854078d1ac9338744f61a02 -> 
  custom:scripting/monoscript/fileName/UIVirtualButton.cs: 4484a5293e7a4abb96c3b06b8d8dca11 -> 
  custom:scripting/monoscript/fileName/TerrainPainter.cs: 9ec617274eaf6dc714a345a200ba5a0f -> 
  custom:scripting/monoscript/fileName/HeatmapPreview.cs: b5be9e21674d851a0edf6fab846f649a -> 
  custom:scripting/monoscript/fileName/Utilities.cs: 64b1895b0de4a22156b31daddd8e7748 -> 
  custom:scripting/monoscript/fileName/MobileDisableAutoSwitchControls.cs: 6080624f52a6a8173325efe0ce361f18 -> 
  custom:container-muxer-webm: aa71ff27fc2769a1b78a27578f13a17b -> 
  custom:scripting/monoscript/fileName/ReadmeEditor.cs: ff7ced1e41c1b99ddf5dfefc88f6bd50 -> 
  custom:video-decoder-webm-vp8: 9c59270c3fd7afecdb556c50c9e8de78 -> 
  custom:scripting/monoscript/fileName/Modifier.cs: 95887978e573c577866150c0c0f3d51b -> 
  custom:SearchIndexIgnoredProperties: e643bd26f0fe6173181afceb89e7c659 -> 
  custom:AudioImporter_EditorPlatform: d09bf68614088b80899f8185d706f6e7 -> 
  custom:scripting/monoscript/fileName/UICanvasControllerInput.cs: efbd76725fe032d832a1837ce36804c3 -> 
  custom:scripting/monoscript/fileName/BasicRigidBodyPush.cs: 834b632457fae9d11b7ee6ae6006cbf8 -> 
  custom:scripting/monoscript/fileName/Slope.cs: 6c26c92f437bf6dc6af3379aa172086b -> 
  custom:scripting/monoscript/fileName/TextureMask.cs: ed3ef85069521cefaac846cd5705fd83 -> 
  custom:scripting/monoscript/fileName/ModifierStack.cs: ab30073cf41c4f7b98572c520e066cff -> 
  custom:video-encoder-webm-vp8: eb34c28f22e8b96e1ab97ce403110664 -> 
  custom:scripting/precompiled-assembly-types:sc.terrain.painter.editor: c09aa83f573b298e295b7639461ae327 -> 
  custom:audio-decoder-ogg-vorbis: bf7c407c2cedff20999df2af8eb42d56 -> 
  custom:scripting/monoscript/fileName/StarterAssetsInputs.cs: 109cc5d80cf92b9046134880b5edcf1b -> 
  custom:scripting/monoscript/fileName/Height.cs: b6f2c207cb4403587b41112316b02828 -> 
  custom:scripting/monoscript/fileName/TerrainChangeListener.cs: 007a811a94043cb3a2baecc0dae2a4ec -> 
  custom:scripting/precompiled-assembly-types:sc.terrain.painter.runtime: 775aac4dfef5fcb3808b32ce30f1eff0 -> 
  custom:audio-encoder-webm-vorbis: bf7c407c2cedff20999df2af8eb42d56 -> 
  custom:scripting/precompiled-assembly-types:Assembly-CSharp-Editor: e68142aa7ec1b83c2b0c9225ddc33ecd -> 
  custom:scripting/monoscript/fileName/ThirdPersonController.cs: a689853034d5fa0ef10dab801796c594 -> 
  custom:scripting/monoscript/fileName/Attributes.cs: e9dc9ab8918c93eb13ad748a7e675e89 -> 9d3861389974f0823e7e341aa6c23dae
  custom:scripting/precompiled-assembly-types:Assembly-CSharp: 67ba86793a37ab471baf49500185f100 -> 
  custom:scripting/monoscript/fileName/PropertyDrawers.cs: e43720427fa2839c8f300e8558fd6c14 -> 
  custom:scripting/monoscript/fileName/Direction.cs: f16dbe4760611d36f1cac453956d5466 -> 
